Log file open, 12/20/19 04:36:27
LogWindows: Failed to load 'aqProf.dll' (GetLastError=126)
LogWindows: File 'aqProf.dll' does not exist
LogWindows: Failed to load 'VtuneApi.dll' (GetLastError=126)
LogWindows: File 'VtuneApi.dll' does not exist
LogWindows: Failed to load 'VtuneApi32e.dll' (GetLastError=126)
LogWindows: File 'VtuneApi32e.dll' does not exist
LogConsoleResponse: Display: Failed to find resolution value strings in scalability ini. Falling back to default.
LogInit: Display: Running engine for game: PortProj01
LogPakFile: Registered encryption key '00000000000000000000000000000000': 0 pak files mounted, 0 remain pending
LogPlatformFile: Not using cached read wrapper
LogTaskGraph: Started task graph with 5 named threads and 47 total threads with 3 sets of task threads.
LogStats: Stats thread started at 0.537760
LogD3D11RHI: Loaded GFSDK_Aftermath_Lib.x64.dll
LogICUInternationalization: ICU TimeZone Detection - Raw Offset: -6:00, Platform Override: ''
LogPluginManager: Mounting plugin Paper2D
LogPluginManager: Mounting plugin AISupport
LogPluginManager: Mounting plugin LightPropagationVolume
LogPluginManager: Mounting plugin ActorLayerUtilities
LogPluginManager: Mounting plugin AnimationSharing
LogPluginManager: Mounting plugin CLionSourceCodeAccess
LogPluginManager: Mounting plugin CodeLiteSourceCodeAccess
LogPluginManager: Mounting plugin GitSourceControl
LogPluginManager: Mounting plugin KDevelopSourceCodeAccess
LogPluginManager: Mounting plugin NullSourceCodeAccess
LogPluginManager: Mounting plugin PerforceSourceControl
LogPluginManager: Mounting plugin SubversionSourceControl
LogPluginManager: Mounting plugin UObjectPlugin
LogPluginManager: Mounting plugin VisualStudioCodeSourceCodeAccess
LogPluginManager: Mounting plugin VisualStudioSourceCodeAccess
LogPluginManager: Mounting plugin XCodeSourceCodeAccess
LogPluginManager: Mounting plugin AssetManagerEditor
LogPluginManager: Mounting plugin CryptoKeys
LogPluginManager: Mounting plugin DataValidation
LogPluginManager: Mounting plugin FacialAnimation
LogPluginManager: Mounting plugin GameplayTagsEditor
LogPluginManager: Mounting plugin MacGraphicsSwitching
LogPluginManager: Mounting plugin MaterialAnalyzer
LogPluginManager: Mounting plugin MobileLauncherProfileWizard
LogPluginManager: Mounting plugin PluginBrowser
LogPluginManager: Mounting plugin SpeedTreeImporter
LogPluginManager: Mounting plugin DatasmithContent
LogPluginManager: Mounting plugin VariantManagerContent
LogPluginManager: Mounting plugin AlembicImporter
LogPluginManager: Mounting plugin AppleImageUtils
LogPluginManager: Mounting plugin AppleVision
LogPluginManager: Mounting plugin BackChannel
LogPluginManager: Mounting plugin CharacterAI
LogPluginManager: Mounting plugin GeometryCache
LogPluginManager: Mounting plugin HTML5Networking
LogPluginManager: Mounting plugin ProxyLODPlugin
LogPluginManager: Mounting plugin SkeletalReduction
LogPluginManager: Mounting plugin MagicLeap
LogPluginManager: Mounting plugin MagicLeapMedia
LogPluginManager: Mounting plugin AndroidMedia
LogPluginManager: Mounting plugin AvfMedia
LogPluginManager: Mounting plugin ImgMedia
LogPluginManager: Mounting plugin LinearTimecode
LogPluginManager: Mounting plugin MediaCompositing
LogPluginManager: Mounting plugin MediaPlayerEditor
LogPluginManager: Mounting plugin WebMMedia
LogPluginManager: Mounting plugin WmfMedia
LogPluginManager: Mounting plugin TcpMessaging
LogPluginManager: Mounting plugin UdpMessaging
LogPluginManager: Mounting plugin ActorSequence
LogPluginManager: Mounting plugin LevelSequenceEditor
LogPluginManager: Mounting plugin MatineeToLevelSequence
LogPluginManager: Mounting plugin NetcodeUnitTest
LogPluginManager: Mounting plugin NUTUnrealEngine4
LogPluginManager: Mounting plugin OnlineSubsystemGooglePlay
LogPluginManager: Mounting plugin OnlineSubsystemIOS
LogPluginManager: Mounting plugin OnlineSubsystem
LogPluginManager: Mounting plugin OnlineSubsystemNull
LogPluginManager: Mounting plugin OnlineSubsystemUtils
LogPluginManager: Mounting plugin LauncherChunkInstaller
LogPluginManager: Mounting plugin AndroidDeviceProfileSelector
LogPluginManager: Mounting plugin AndroidMoviePlayer
LogPluginManager: Mounting plugin AndroidPermission
LogPluginManager: Mounting plugin AppleMoviePlayer
LogPluginManager: Mounting plugin ArchVisCharacter
LogPluginManager: Mounting plugin AudioCapture
LogPluginManager: Mounting plugin CableComponent
LogPluginManager: Mounting plugin CustomMeshComponent
LogPluginManager: Mounting plugin EditableMesh
LogPluginManager: Mounting plugin ExampleDeviceProfileSelector
LogPluginManager: Mounting plugin Firebase
LogPluginManager: Mounting plugin GoogleCloudMessaging
LogPluginManager: Mounting plugin IOSDeviceProfileSelector
LogPluginManager: Mounting plugin LinuxDeviceProfileSelector
LogPluginManager: Mounting plugin LocationServicesBPLibrary
LogPluginManager: Mounting plugin MobilePatchingUtils
LogPluginManager: Mounting plugin OculusVR
LogPluginManager: Mounting plugin PhysXVehicles
LogPluginManager: Mounting plugin ProceduralMeshComponent
LogPluginManager: Mounting plugin RuntimePhysXCooking
LogPluginManager: Mounting plugin SignificanceManager
LogPluginManager: Mounting plugin SteamVR
LogPluginManager: Mounting plugin WebMMoviePlayer
LogPluginManager: Mounting plugin WindowsMoviePlayer
LogPluginManager: Mounting plugin UnrealEnginePython
LogInit: Using libcurl 7.55.1-DEV
LogInit:  - built for x86_64-pc-win32
LogInit:  - supports SSL with OpenSSL/1.1.1
LogInit:  - supports HTTP deflate (compression) using libz 1.2.8
LogInit:  - other features:
LogInit:      CURL_VERSION_SSL
LogInit:      CURL_VERSION_LIBZ
LogInit:      CURL_VERSION_IPV6
LogInit:      CURL_VERSION_ASYNCHDNS
LogInit:      CURL_VERSION_LARGEFILE
LogInit:      CURL_VERSION_IDN
LogInit:  CurlRequestOptions (configurable via config and command line):
LogInit:  - bVerifyPeer = true  - Libcurl will verify peer certificate
LogInit:  - bUseHttpProxy = false  - Libcurl will NOT use HTTP proxy
LogInit:  - bDontReuseConnections = false  - Libcurl will reuse connections
LogInit:  - MaxHostConnections = 16  - Libcurl will limit the number of connections to a host
LogInit:  - LocalHostAddr = Default
LogInit:  - BufferSize = 65536
LogInit: WinSock: version 1.1 (2.2), MaxSocks=32767, MaxUdp=65467
LogInit: Build: ++UE4+Release-4.22-CL-7053642
LogInit: Engine Version: 4.22.3-7053642+++UE4+Release-4.22
LogInit: Compatible Engine Version: 4.22.0-5660361+++UE4+Release-4.22
LogInit: Net CL: 5660361
LogInit: OS: Windows 10 (Release 1903) (), CPU: AMD Ryzen 7 2700X Eight-Core Processor         , GPU: NVIDIA GeForce GTX 980 Ti
LogInit: Compiled (64-bit): Jun 18 2019 03:09:11
LogInit: Compiled with Visual C++: 19.16.27025.01
LogInit: Build Configuration: Development
LogInit: Branch Name: ++UE4+Release-4.22
LogInit: Command Line:  -EpicPortal -epicusername=fwright454 -epicuserid=92495aba7dc443e6be6e7a3b2437a479 -epiclocale=en-US
LogInit: Base Directory: C:/Program Files/Epic Games/UE_4.22/Engine/Binaries/Win64/
LogInit: Installed Engine Build: 1
LogDevObjectVersion: Number of dev versions registered: 23
LogDevObjectVersion:   Dev-Blueprints (B0D832E4-1F89-4F0D-ACCF-7EB736FD4AA2): 10
LogDevObjectVersion:   Dev-Build (E1C64328-A22C-4D53-A36C-8E866417BD8C): 0
LogDevObjectVersion:   Dev-Core (375EC13C-06E4-48FB-B500-84F0262A717E): 3
LogDevObjectVersion:   Dev-Editor (E4B068ED-F494-42E9-A231-DA0B2E46BB41): 30
LogDevObjectVersion:   Dev-Framework (CFFC743F-43B0-4480-9391-14DF171D2073): 35
LogDevObjectVersion:   Dev-Mobile (B02B49B5-BB20-44E9-A304-32B752E40360): 2
LogDevObjectVersion:   Dev-Networking (A4E4105C-59A1-49B5-A7C5-40C4547EDFEE): 0
LogDevObjectVersion:   Dev-Online (39C831C9-5AE6-47DC-9A44-9C173E1C8E7C): 0
LogDevObjectVersion:   Dev-Physics (78F01B33-EBEA-4F98-B9B4-84EACCB95AA2): 0
LogDevObjectVersion:   Dev-Platform (6631380F-2D4D-43E0-8009-CF276956A95A): 0
LogDevObjectVersion:   Dev-Rendering (12F88B9F-8875-4AFC-A67C-D90C383ABD29): 28
LogDevObjectVersion:   Dev-Sequencer (7B5AE74C-D270-4C10-A958-57980B212A5A): 11
LogDevObjectVersion:   Dev-VR (D7296918-1DD6-4BDD-9DE2-64A83CC13884): 2
LogDevObjectVersion:   Dev-LoadTimes (C2A15278-BFE7-4AFE-6C17-90FF531DF755): 1
LogDevObjectVersion:   Private-Geometry (6EACA3D4-40EC-4CC1-B786-8BED09428FC5): 3
LogDevObjectVersion:   Dev-AnimPhys (29E575DD-E0A3-4627-9D10-D276232CDCEA): 17
LogDevObjectVersion:   Dev-Anim (AF43A65D-7FD3-4947-9873-3E8ED9C1BB05): 2
LogDevObjectVersion:   Dev-ReflectionCapture (6B266CEC-1EC7-4B8F-A30B-E4D90942FC07): 1
LogDevObjectVersion:   Dev-Automation (0DF73D61-A23F-47EA-B727-89E90C41499A): 1
LogDevObjectVersion:   FortniteMain (601D1886-AC64-4F84-AA16-D3DE0DEAC7D6): 25
LogDevObjectVersion:   Dev-Enterprise (9DFFBCD6-494F-0158-E221-12823C92A888): 6
LogDevObjectVersion:   Dev-Niagara (F2AED0AC-9AFE-416F-8664-AA7FFA26D6FC): 1
LogDevObjectVersion:   Dev-Destruction (174F1F0B-B4C6-45A5-B13F-2EE8D0FB917D): 2
LogInit: Presizing for max 16777216 objects, including 0 objects not considered by GC, pre-allocating 0 bytes for permanent pool.
LogInit: Object subsystem initialized
LogConfig: Setting CVar [[con.DebugEarlyDefault:1]]
LogConfig: Setting CVar [[r.setres:1280x720]]
[2019.12.20-10.36.27:404][  0]LogConfig: Setting CVar [[r.VSync:0]]
[2019.12.20-10.36.27:404][  0]LogConfig: Setting CVar [[r.RHICmdBypass:0]]
[2019.12.20-10.36.27:404][  0]LogConfig: Applying CVar settings from Section [/Script/Engine.RendererSettings] File [C:/Users/Frank/Documents/Unreal Projects/PortProj01/Saved/Config/Windows/Engine.ini]
[2019.12.20-10.36.27:404][  0]LogConfig: Setting CVar [[r.GPUCrashDebugging:0]]
[2019.12.20-10.36.27:405][  0]LogConfig: Setting CVar [[r.DefaultFeature.AutoExposure.ExtendDefaultLuminanceRange:1]]
[2019.12.20-10.36.27:405][  0]LogConfig: Applying CVar settings from Section [/Script/Engine.RendererOverrideSettings] File [C:/Users/Frank/Documents/Unreal Projects/PortProj01/Saved/Config/Windows/Engine.ini]
[2019.12.20-10.36.27:405][  0]LogConfig: Applying CVar settings from Section [/Script/Engine.StreamingSettings] File [C:/Users/Frank/Documents/Unreal Projects/PortProj01/Saved/Config/Windows/Engine.ini]
[2019.12.20-10.36.27:405][  0]LogConfig: Setting CVar [[s.MinBulkDataSizeForAsyncLoading:131072]]
[2019.12.20-10.36.27:405][  0]LogConfig: Setting CVar [[s.AsyncLoadingThreadEnabled:0]]
[2019.12.20-10.36.27:405][  0]LogConfig: Setting CVar [[s.EventDrivenLoaderEnabled:1]]
[2019.12.20-10.36.27:405][  0]LogConfig: Setting CVar [[s.WarnIfTimeLimitExceeded:0]]
[2019.12.20-10.36.27:405][  0]LogConfig: Setting CVar [[s.TimeLimitExceededMultiplier:1.5]]
[2019.12.20-10.36.27:405][  0]LogConfig: Setting CVar [[s.TimeLimitExceededMinTime:0.005]]
[2019.12.20-10.36.27:405][  0]LogConfig: Setting CVar [[s.UseBackgroundLevelStreaming:1]]
[2019.12.20-10.36.27:405][  0]LogConfig: Setting CVar [[s.PriorityAsyncLoadingExtraTime:15.0]]
[2019.12.20-10.36.27:405][  0]LogConfig: Setting CVar [[s.LevelStreamingActorsUpdateTimeLimit:5.0]]
[2019.12.20-10.36.27:405][  0]LogConfig: Setting CVar [[s.PriorityLevelStreamingActorsUpdateExtraTime:5.0]]
[2019.12.20-10.36.27:405][  0]LogConfig: Setting CVar [[s.LevelStreamingComponentsRegistrationGranularity:10]]
[2019.12.20-10.36.27:405][  0]LogConfig: Setting CVar [[s.UnregisterComponentsTimeLimit:1.0]]
[2019.12.20-10.36.27:405][  0]LogConfig: Setting CVar [[s.LevelStreamingComponentsUnregistrationGranularity:5]]
[2019.12.20-10.36.27:405][  0]LogConfig: Applying CVar settings from Section [/Script/Engine.GarbageCollectionSettings] File [C:/Users/Frank/Documents/Unreal Projects/PortProj01/Saved/Config/Windows/Engine.ini]
[2019.12.20-10.36.27:405][  0]LogConfig: Setting CVar [[gc.MaxObjectsNotConsideredByGC:1]]
[2019.12.20-10.36.27:405][  0]LogConfig: Setting CVar [[gc.SizeOfPermanentObjectPool:0]]
[2019.12.20-10.36.27:405][  0]LogConfig: Setting CVar [[gc.FlushStreamingOnGC:0]]
[2019.12.20-10.36.27:405][  0]LogConfig: Setting CVar [[gc.NumRetriesBeforeForcingGC:10]]
[2019.12.20-10.36.27:405][  0]LogConfig: Setting CVar [[gc.AllowParallelGC:1]]
[2019.12.20-10.36.27:405][  0]LogConfig: Setting CVar [[gc.TimeBetweenPurgingPendingKillObjects:61.1]]
[2019.12.20-10.36.27:405][  0]LogConfig: Setting CVar [[gc.MaxObjectsInEditor:16777216]]
[2019.12.20-10.36.27:405][  0]LogConfig: Setting CVar [[gc.IncrementalBeginDestroyEnabled:1]]
[2019.12.20-10.36.27:405][  0]LogConfig: Setting CVar [[gc.CreateGCClusters:1]]
[2019.12.20-10.36.27:405][  0]LogConfig: Setting CVar [[gc.MinGCClusterSize:5]]
[2019.12.20-10.36.27:405][  0]LogConfig: Setting CVar [[gc.ActorClusteringEnabled:0]]
[2019.12.20-10.36.27:405][  0]LogConfig: Setting CVar [[gc.BlueprintClusteringEnabled:0]]
[2019.12.20-10.36.27:405][  0]LogConfig: Setting CVar [[gc.UseDisregardForGCOnDedicatedServers:0]]
[2019.12.20-10.36.27:405][  0]LogConfig: Applying CVar settings from Section [/Script/Engine.NetworkSettings] File [C:/Users/Frank/Documents/Unreal Projects/PortProj01/Saved/Config/Windows/Engine.ini]
[2019.12.20-10.36.27:405][  0]LogConfig: Applying CVar settings from Section [/Script/UnrealEd.CookerSettings] File [C:/Users/Frank/Documents/Unreal Projects/PortProj01/Saved/Config/Windows/Engine.ini]
[2019.12.20-10.36.27:409][  0]LogConfig: Applying CVar settings from Section [ViewDistanceQuality@3] File [C:/Users/Frank/Documents/Unreal Projects/PortProj01/Saved/Config/Windows/Scalability.ini]
[2019.12.20-10.36.27:409][  0]LogConfig: Setting CVar [[r.SkeletalMeshLODBias:0]]
[2019.12.20-10.36.27:409][  0]LogConfig: Setting CVar [[r.ViewDistanceScale:1.0]]
[2019.12.20-10.36.27:409][  0]LogConfig: Applying CVar settings from Section [AntiAliasingQuality@3] File [C:/Users/Frank/Documents/Unreal Projects/PortProj01/Saved/Config/Windows/Scalability.ini]
[2019.12.20-10.36.27:409][  0]LogConfig: Setting CVar [[r.PostProcessAAQuality:4]]
[2019.12.20-10.36.27:409][  0]LogConfig: Applying CVar settings from Section [ShadowQuality@3] File [C:/Users/Frank/Documents/Unreal Projects/PortProj01/Saved/Config/Windows/Scalability.ini]
[2019.12.20-10.36.27:409][  0]LogConfig: Setting CVar [[r.LightFunctionQuality:1]]
[2019.12.20-10.36.27:410][  0]LogConfig: Setting CVar [[r.ShadowQuality:5]]
[2019.12.20-10.36.27:410][  0]LogConfig: Setting CVar [[r.Shadow.CSM.MaxCascades:10]]
[2019.12.20-10.36.27:410][  0]LogConfig: Setting CVar [[r.Shadow.MaxResolution:2048]]
[2019.12.20-10.36.27:410][  0]LogConfig: Setting CVar [[r.Shadow.MaxCSMResolution:2048]]
[2019.12.20-10.36.27:410][  0]LogConfig: Setting CVar [[r.Shadow.RadiusThreshold:0.01]]
[2019.12.20-10.36.27:410][  0]LogConfig: Setting CVar [[r.Shadow.DistanceScale:1.0]]
[2019.12.20-10.36.27:410][  0]LogConfig: Setting CVar [[r.Shadow.CSM.TransitionScale:1.0]]
[2019.12.20-10.36.27:410][  0]LogConfig: Setting CVar [[r.Shadow.PreShadowResolutionFactor:1.0]]
[2019.12.20-10.36.27:410][  0]LogConfig: Setting CVar [[r.DistanceFieldShadowing:1]]
[2019.12.20-10.36.27:410][  0]LogConfig: Setting CVar [[r.DistanceFieldAO:1]]
[2019.12.20-10.36.27:410][  0]LogConfig: Setting CVar [[r.AOQuality:2]]
[2019.12.20-10.36.27:410][  0]LogConfig: Setting CVar [[r.VolumetricFog:1]]
[2019.12.20-10.36.27:410][  0]LogConfig: Setting CVar [[r.VolumetricFog.GridPixelSize:8]]
[2019.12.20-10.36.27:410][  0]LogConfig: Setting CVar [[r.VolumetricFog.GridSizeZ:128]]
[2019.12.20-10.36.27:410][  0]LogConfig: Setting CVar [[r.VolumetricFog.HistoryMissSupersampleCount:4]]
[2019.12.20-10.36.27:410][  0]LogConfig: Setting CVar [[r.LightMaxDrawDistanceScale:1]]
[2019.12.20-10.36.27:410][  0]LogConfig: Setting CVar [[r.CapsuleShadows:1]]
[2019.12.20-10.36.27:410][  0]LogConfig: Applying CVar settings from Section [PostProcessQuality@3] File [C:/Users/Frank/Documents/Unreal Projects/PortProj01/Saved/Config/Windows/Scalability.ini]
[2019.12.20-10.36.27:410][  0]LogConfig: Setting CVar [[r.MotionBlurQuality:4]]
[2019.12.20-10.36.27:410][  0]LogConfig: Setting CVar [[r.AmbientOcclusionMipLevelFactor:0.4]]
[2019.12.20-10.36.27:410][  0]LogConfig: Setting CVar [[r.AmbientOcclusionMaxQuality:100]]
[2019.12.20-10.36.27:410][  0]LogConfig: Setting CVar [[r.AmbientOcclusionLevels:-1]]
[2019.12.20-10.36.27:410][  0]LogConfig: Setting CVar [[r.AmbientOcclusionRadiusScale:1.0]]
[2019.12.20-10.36.27:410][  0]LogConfig: Setting CVar [[r.DepthOfFieldQuality:2]]
[2019.12.20-10.36.27:410][  0]LogConfig: Setting CVar [[r.RenderTargetPoolMin:400]]
[2019.12.20-10.36.27:410][  0]LogConfig: Setting CVar [[r.LensFlareQuality:2]]
[2019.12.20-10.36.27:410][  0]LogConfig: Setting CVar [[r.SceneColorFringeQuality:1]]
[2019.12.20-10.36.27:410][  0]LogConfig: Setting CVar [[r.EyeAdaptationQuality:2]]
[2019.12.20-10.36.27:410][  0]LogConfig: Setting CVar [[r.BloomQuality:5]]
[2019.12.20-10.36.27:410][  0]LogConfig: Setting CVar [[r.FastBlurThreshold:100]]
[2019.12.20-10.36.27:410][  0]LogConfig: Setting CVar [[r.Upscale.Quality:3]]
[2019.12.20-10.36.27:410][  0]LogConfig: Setting CVar [[r.Tonemapper.GrainQuantization:1]]
[2019.12.20-10.36.27:410][  0]LogConfig: Setting CVar [[r.LightShaftQuality:1]]
[2019.12.20-10.36.27:410][  0]LogConfig: Setting CVar [[r.Filter.SizeScale:1]]
[2019.12.20-10.36.27:410][  0]LogConfig: Setting CVar [[r.Tonemapper.Quality:5]]
[2019.12.20-10.36.27:410][  0]LogConfig: Setting CVar [[r.DOF.Gather.AccumulatorQuality:1        ; higher gathering accumulator quality]]
[2019.12.20-10.36.27:410][  0]LogConfig: Setting CVar [[r.DOF.Gather.PostfilterMethod:1          ; Median3x3 postfilering method]]
[2019.12.20-10.36.27:410][  0]LogConfig: Setting CVar [[r.DOF.Gather.EnableBokehSettings:0       ; no bokeh simulation when gathering]]
[2019.12.20-10.36.27:410][  0]LogConfig: Setting CVar [[r.DOF.Gather.RingCount:4                 ; medium number of samples when gathering]]
[2019.12.20-10.36.27:410][  0]LogConfig: Setting CVar [[r.DOF.Scatter.ForegroundCompositing:1    ; additive foreground scattering]]
[2019.12.20-10.36.27:410][  0]LogConfig: Setting CVar [[r.DOF.Scatter.BackgroundCompositing:2    ; additive background scattering]]
[2019.12.20-10.36.27:410][  0]LogConfig: Setting CVar [[r.DOF.Scatter.EnableBokehSettings:1      ; bokeh simulation when scattering]]
[2019.12.20-10.36.27:410][  0]LogConfig: Setting CVar [[r.DOF.Scatter.MaxSpriteRatio:0.1         ; only a maximum of 10% of scattered bokeh]]
[2019.12.20-10.36.27:410][  0]LogConfig: Setting CVar [[r.DOF.Recombine.Quality:1                ; cheap slight out of focus]]
[2019.12.20-10.36.27:410][  0]LogConfig: Setting CVar [[r.DOF.Recombine.EnableBokehSettings:0    ; no bokeh simulation on slight out of focus]]
[2019.12.20-10.36.27:410][  0]LogConfig: Setting CVar [[r.DOF.TemporalAAQuality:1                ; more stable temporal accumulation]]
[2019.12.20-10.36.27:410][  0]LogConfig: Setting CVar [[r.DOF.Kernel.MaxForegroundRadius:0.025]]
[2019.12.20-10.36.27:410][  0]LogConfig: Setting CVar [[r.DOF.Kernel.MaxBackgroundRadius:0.025]]
[2019.12.20-10.36.27:410][  0]LogConfig: Applying CVar settings from Section [TextureQuality@3] File [C:/Users/Frank/Documents/Unreal Projects/PortProj01/Saved/Config/Windows/Scalability.ini]
[2019.12.20-10.36.27:410][  0]LogConfig: Setting CVar [[r.Streaming.MipBias:0]]
[2019.12.20-10.36.27:410][  0]LogConfig: Setting CVar [[r.Streaming.AmortizeCPUToGPUCopy:0]]
[2019.12.20-10.36.27:410][  0]LogConfig: Setting CVar [[r.Streaming.MaxNumTexturesToStreamPerFrame:0]]
[2019.12.20-10.36.27:410][  0]LogConfig: Setting CVar [[r.Streaming.Boost:1]]
[2019.12.20-10.36.27:410][  0]LogConfig: Setting CVar [[r.MaxAnisotropy:8]]
[2019.12.20-10.36.27:410][  0]LogConfig: Setting CVar [[r.Streaming.LimitPoolSizeToVRAM:0]]
[2019.12.20-10.36.27:410][  0]LogConfig: Setting CVar [[r.Streaming.PoolSize:1000]]
[2019.12.20-10.36.27:410][  0]LogConfig: Setting CVar [[r.Streaming.MaxEffectiveScreenSize:0]]
[2019.12.20-10.36.27:410][  0]LogConfig: Applying CVar settings from Section [EffectsQuality@3] File [C:/Users/Frank/Documents/Unreal Projects/PortProj01/Saved/Config/Windows/Scalability.ini]
[2019.12.20-10.36.27:410][  0]LogConfig: Setting CVar [[r.TranslucencyLightingVolumeDim:64]]
[2019.12.20-10.36.27:410][  0]LogConfig: Setting CVar [[r.RefractionQuality:2]]
[2019.12.20-10.36.27:410][  0]LogConfig: Setting CVar [[r.SSR.Quality:3]]
[2019.12.20-10.36.27:410][  0]LogConfig: Setting CVar [[r.SceneColorFormat:4]]
[2019.12.20-10.36.27:410][  0]LogConfig: Setting CVar [[r.DetailMode:2]]
[2019.12.20-10.36.27:410][  0]LogConfig: Setting CVar [[r.TranslucencyVolumeBlur:1]]
[2019.12.20-10.36.27:410][  0]LogConfig: Setting CVar [[r.MaterialQualityLevel:1 ; High quality]]
[2019.12.20-10.36.27:410][  0]LogConfig: Setting CVar [[r.SSS.Scale:1]]
[2019.12.20-10.36.27:410][  0]LogConfig: Setting CVar [[r.SSS.SampleSet:2]]
[2019.12.20-10.36.27:410][  0]LogConfig: Setting CVar [[r.SSS.Quality:1]]
[2019.12.20-10.36.27:410][  0]LogConfig: Setting CVar [[r.SSS.HalfRes:1]]
[2019.12.20-10.36.27:410][  0]LogConfig: Setting CVar [[r.EmitterSpawnRateScale:1.0]]
[2019.12.20-10.36.27:410][  0]LogConfig: Setting CVar [[r.ParticleLightQuality:2]]
[2019.12.20-10.36.27:410][  0]LogConfig: Applying CVar settings from Section [FoliageQuality@3] File [C:/Users/Frank/Documents/Unreal Projects/PortProj01/Saved/Config/Windows/Scalability.ini]
[2019.12.20-10.36.27:410][  0]LogConfig: Setting CVar [[foliage.DensityScale:1.0]]
[2019.12.20-10.36.27:410][  0]LogConfig: Setting CVar [[grass.DensityScale:1.0]]
[2019.12.20-10.36.27:411][  0]LogInit: Selected Device Profile: [Windows]
[2019.12.20-10.36.27:411][  0]LogInit: Applying CVar settings loaded from the selected device profile: [Windows]
[2019.12.20-10.36.27:424][  0]LogHAL: Display: Platform has ~ 32 GB [34308018176 / 34359738368 / 32], which maps to Largest [LargestMinGB=32, LargerMinGB=12, DefaultMinGB=8, SmallerMinGB=6, SmallestMinGB=0)
[2019.12.20-10.36.27:424][  0]LogConfig: Setting CVar [[r.Vulkan.UseRealUBs:0		; Required until we fix HLR fall-out]]
[2019.12.20-10.36.27:424][  0]LogInit: Going up to parent DeviceProfile []
[2019.12.20-10.36.27:424][  0]LogConfig: Applying CVar settings from Section [ViewDistanceQuality@Cine] File [C:/Users/Frank/Documents/Unreal Projects/PortProj01/Saved/Config/Windows/Scalability.ini]
[2019.12.20-10.36.27:424][  0]LogConfig: Setting CVar [[r.SkeletalMeshLODBias:0]]
[2019.12.20-10.36.27:424][  0]LogConfig: Setting CVar [[r.ViewDistanceScale:10.0]]
[2019.12.20-10.36.27:424][  0]LogConfig: Applying CVar settings from Section [AntiAliasingQuality@Cine] File [C:/Users/Frank/Documents/Unreal Projects/PortProj01/Saved/Config/Windows/Scalability.ini]
[2019.12.20-10.36.27:424][  0]LogConfig: Setting CVar [[r.PostProcessAAQuality:6]]
[2019.12.20-10.36.27:424][  0]LogConfig: Applying CVar settings from Section [ShadowQuality@Cine] File [C:/Users/Frank/Documents/Unreal Projects/PortProj01/Saved/Config/Windows/Scalability.ini]
[2019.12.20-10.36.27:424][  0]LogConfig: Setting CVar [[r.LightFunctionQuality:1]]
[2019.12.20-10.36.27:424][  0]LogConfig: Setting CVar [[r.ShadowQuality:5]]
[2019.12.20-10.36.27:424][  0]LogConfig: Setting CVar [[r.Shadow.CSM.MaxCascades:10]]
[2019.12.20-10.36.27:424][  0]LogConfig: Setting CVar [[r.Shadow.MaxResolution:4096]]
[2019.12.20-10.36.27:424][  0]LogConfig: Setting CVar [[r.Shadow.MaxCSMResolution:4096]]
[2019.12.20-10.36.27:424][  0]LogConfig: Setting CVar [[r.Shadow.RadiusThreshold:0]]
[2019.12.20-10.36.27:424][  0]LogConfig: Setting CVar [[r.Shadow.DistanceScale:1.0]]
[2019.12.20-10.36.27:424][  0]LogConfig: Setting CVar [[r.Shadow.CSM.TransitionScale:1.0]]
[2019.12.20-10.36.27:424][  0]LogConfig: Setting CVar [[r.Shadow.PreShadowResolutionFactor:1.0]]
[2019.12.20-10.36.27:424][  0]LogConfig: Setting CVar [[r.DistanceFieldShadowing:1]]
[2019.12.20-10.36.27:424][  0]LogConfig: Setting CVar [[r.DistanceFieldAO:1]]
[2019.12.20-10.36.27:424][  0]LogConfig: Setting CVar [[r.AOQuality:2]]
[2019.12.20-10.36.27:424][  0]LogConfig: Setting CVar [[r.VolumetricFog:1]]
[2019.12.20-10.36.27:424][  0]LogConfig: Setting CVar [[r.VolumetricFog.GridPixelSize:4]]
[2019.12.20-10.36.27:424][  0]LogConfig: Setting CVar [[r.VolumetricFog.GridSizeZ:128]]
[2019.12.20-10.36.27:424][  0]LogConfig: Setting CVar [[r.VolumetricFog.HistoryMissSupersampleCount:16]]
[2019.12.20-10.36.27:424][  0]LogConfig: Setting CVar [[r.LightMaxDrawDistanceScale:1]]
[2019.12.20-10.36.27:424][  0]LogConfig: Setting CVar [[r.CapsuleShadows:1]]
[2019.12.20-10.36.27:424][  0]LogConfig: Applying CVar settings from Section [PostProcessQuality@Cine] File [C:/Users/Frank/Documents/Unreal Projects/PortProj01/Saved/Config/Windows/Scalability.ini]
[2019.12.20-10.36.27:424][  0]LogConfig: Setting CVar [[r.MotionBlurQuality:4]]
[2019.12.20-10.36.27:424][  0]LogConfig: Setting CVar [[r.AmbientOcclusionMipLevelFactor:0.4]]
[2019.12.20-10.36.27:424][  0]LogConfig: Setting CVar [[r.AmbientOcclusionMaxQuality:100]]
[2019.12.20-10.36.27:424][  0]LogConfig: Setting CVar [[r.AmbientOcclusionLevels:-1]]
[2019.12.20-10.36.27:424][  0]LogConfig: Setting CVar [[r.AmbientOcclusionRadiusScale:1.0]]
[2019.12.20-10.36.27:424][  0]LogConfig: Setting CVar [[r.DepthOfFieldQuality:4]]
[2019.12.20-10.36.27:424][  0]LogConfig: Setting CVar [[r.RenderTargetPoolMin:1000]]
[2019.12.20-10.36.27:424][  0]LogConfig: Setting CVar [[r.LensFlareQuality:3]]
[2019.12.20-10.36.27:424][  0]LogConfig: Setting CVar [[r.SceneColorFringeQuality:1]]
[2019.12.20-10.36.27:424][  0]LogConfig: Setting CVar [[r.EyeAdaptationQuality:2]]
[2019.12.20-10.36.27:424][  0]LogConfig: Setting CVar [[r.BloomQuality:5]]
[2019.12.20-10.36.27:424][  0]LogConfig: Setting CVar [[r.FastBlurThreshold:100]]
[2019.12.20-10.36.27:424][  0]LogConfig: Setting CVar [[r.Upscale.Quality:3]]
[2019.12.20-10.36.27:424][  0]LogConfig: Setting CVar [[r.Tonemapper.GrainQuantization:1]]
[2019.12.20-10.36.27:424][  0]LogConfig: Setting CVar [[r.LightShaftQuality:1]]
[2019.12.20-10.36.27:424][  0]LogConfig: Setting CVar [[r.Filter.SizeScale:1]]
[2019.12.20-10.36.27:424][  0]LogConfig: Setting CVar [[r.Tonemapper.Quality:5]]
[2019.12.20-10.36.27:424][  0]LogConfig: Setting CVar [[r.DOF.Gather.AccumulatorQuality:1        ; higher gathering accumulator quality]]
[2019.12.20-10.36.27:424][  0]LogConfig: Setting CVar [[r.DOF.Gather.PostfilterMethod:1          ; Median3x3 postfilering method]]
[2019.12.20-10.36.27:424][  0]LogConfig: Setting CVar [[r.DOF.Gather.EnableBokehSettings:1       ; bokeh simulation when gathering]]
[2019.12.20-10.36.27:424][  0]LogConfig: Setting CVar [[r.DOF.Gather.RingCount:5                 ; high number of samples when gathering]]
[2019.12.20-10.36.27:424][  0]LogConfig: Setting CVar [[r.DOF.Scatter.ForegroundCompositing:1    ; additive foreground scattering]]
[2019.12.20-10.36.27:424][  0]LogConfig: Setting CVar [[r.DOF.Scatter.BackgroundCompositing:2    ; background scattering occlusion]]
[2019.12.20-10.36.27:424][  0]LogConfig: Setting CVar [[r.DOF.Scatter.EnableBokehSettings:1      ; no bokeh simulation when scattering]]
[2019.12.20-10.36.27:424][  0]LogConfig: Setting CVar [[r.DOF.Scatter.MaxSpriteRatio:0.1         ; only a maximum of 10% of scattered bokeh]]
[2019.12.20-10.36.27:424][  0]LogConfig: Setting CVar [[r.DOF.Recombine.Quality:2                ; highest slight out of focus]]
[2019.12.20-10.36.27:424][  0]LogConfig: Setting CVar [[r.DOF.Recombine.EnableBokehSettings:1    ; bokeh simulation on slight out of focus]]
[2019.12.20-10.36.27:424][  0]LogConfig: Setting CVar [[r.DOF.TemporalAAQuality:1                ; more stable temporal accumulation]]
[2019.12.20-10.36.27:424][  0]LogConfig: Setting CVar [[r.DOF.Kernel.MaxForegroundRadius:0.025]]
[2019.12.20-10.36.27:424][  0]LogConfig: Setting CVar [[r.DOF.Kernel.MaxBackgroundRadius:0.025]]
[2019.12.20-10.36.27:424][  0]LogConfig: Applying CVar settings from Section [TextureQuality@Cine] File [C:/Users/Frank/Documents/Unreal Projects/PortProj01/Saved/Config/Windows/Scalability.ini]
[2019.12.20-10.36.27:424][  0]LogConfig: Setting CVar [[r.Streaming.MipBias:0]]
[2019.12.20-10.36.27:424][  0]LogConfig: Setting CVar [[r.Streaming.AmortizeCPUToGPUCopy:0]]
[2019.12.20-10.36.27:424][  0]LogConfig: Setting CVar [[r.Streaming.MaxNumTexturesToStreamPerFrame:0]]
[2019.12.20-10.36.27:424][  0]LogConfig: Setting CVar [[r.Streaming.Boost:1]]
[2019.12.20-10.36.27:424][  0]LogConfig: Setting CVar [[r.MaxAnisotropy:8]]
[2019.12.20-10.36.27:424][  0]LogConfig: Setting CVar [[r.Streaming.LimitPoolSizeToVRAM:0]]
[2019.12.20-10.36.27:425][  0]LogConfig: Setting CVar [[r.Streaming.PoolSize:3000]]
[2019.12.20-10.36.27:425][  0]LogConfig: Setting CVar [[r.Streaming.MaxEffectiveScreenSize:0]]
[2019.12.20-10.36.27:425][  0]LogConfig: Applying CVar settings from Section [EffectsQuality@Cine] File [C:/Users/Frank/Documents/Unreal Projects/PortProj01/Saved/Config/Windows/Scalability.ini]
[2019.12.20-10.36.27:425][  0]LogConfig: Setting CVar [[r.TranslucencyLightingVolumeDim:64]]
[2019.12.20-10.36.27:425][  0]LogConfig: Setting CVar [[r.RefractionQuality:2]]
[2019.12.20-10.36.27:425][  0]LogConfig: Setting CVar [[r.SSR.Quality:4]]
[2019.12.20-10.36.27:425][  0]LogConfig: Setting CVar [[r.SceneColorFormat:4]]
[2019.12.20-10.36.27:425][  0]LogConfig: Setting CVar [[r.DetailMode:2]]
[2019.12.20-10.36.27:425][  0]LogConfig: Setting CVar [[r.TranslucencyVolumeBlur:1]]
[2019.12.20-10.36.27:425][  0]LogConfig: Setting CVar [[r.MaterialQualityLevel:1 ; High quality]]
[2019.12.20-10.36.27:425][  0]LogConfig: Setting CVar [[r.SSS.Scale:1]]
[2019.12.20-10.36.27:425][  0]LogConfig: Setting CVar [[r.SSS.SampleSet:2]]
[2019.12.20-10.36.27:425][  0]LogConfig: Setting CVar [[r.SSS.Quality:1]]
[2019.12.20-10.36.27:425][  0]LogConfig: Setting CVar [[r.SSS.HalfRes:0]]
[2019.12.20-10.36.27:425][  0]LogConfig: Setting CVar [[r.EmitterSpawnRateScale:1.0]]
[2019.12.20-10.36.27:425][  0]LogConfig: Setting CVar [[r.ParticleLightQuality:2]]
[2019.12.20-10.36.27:425][  0]LogConfig: Applying CVar settings from Section [FoliageQuality@Cine] File [C:/Users/Frank/Documents/Unreal Projects/PortProj01/Saved/Config/Windows/Scalability.ini]
[2019.12.20-10.36.27:425][  0]LogConfig: Setting CVar [[foliage.DensityScale:1.0]]
[2019.12.20-10.36.27:425][  0]LogConfig: Setting CVar [[grass.DensityScale:1.0]]
[2019.12.20-10.36.27:425][  0]LogConfig: Applying CVar settings from Section [Startup] File [../../../Engine/Config/ConsoleVariables.ini]
[2019.12.20-10.36.27:425][  0]LogConfig: Setting CVar [[net.UseAdaptiveNetUpdateFrequency:0]]
[2019.12.20-10.36.27:425][  0]LogConfig: Setting CVar [[p.chaos.AllowCreatePhysxBodies:1]]
[2019.12.20-10.36.27:425][  0]LogConfig: Applying CVar settings from Section [ConsoleVariables] File [C:/Users/Frank/Documents/Unreal Projects/PortProj01/Saved/Config/Windows/Engine.ini]
[2019.12.20-10.36.27:425][  0]LogInit: Computer: DESKTOP-FBSB1IR
[2019.12.20-10.36.27:425][  0]LogInit: User: Frank
[2019.12.20-10.36.27:425][  0]LogInit: CPU Page size=4096, Cores=8
[2019.12.20-10.36.27:425][  0]LogInit: High frequency timer resolution =10.000000 MHz
[2019.12.20-10.36.27:425][  0]LogMemory: Memory total: Physical=32.0GB (32GB approx)
[2019.12.20-10.36.27:425][  0]LogMemory: Platform Memory Stats for Windows
[2019.12.20-10.36.27:425][  0]LogMemory: Process Physical Memory: 97.46 MB used, 97.47 MB peak
[2019.12.20-10.36.27:425][  0]LogMemory: Process Virtual Memory: 92.39 MB used, 92.39 MB peak
[2019.12.20-10.36.27:425][  0]LogMemory: Physical Memory: 6482.23 MB used,  26236.45 MB free, 32718.68 MB total
[2019.12.20-10.36.27:425][  0]LogMemory: Virtual Memory: 4678.73 MB used,  134213048.00 MB free, 134217728.00 MB total
[2019.12.20-10.36.27:450][  0]LogInit: Using OS detected language (en-US).
[2019.12.20-10.36.27:450][  0]LogInit: Using OS detected locale (en-US).
[2019.12.20-10.36.27:451][  0]LogTextLocalizationManager: No specific localization for 'en-US' exists, so the 'en' localization will be used.
[2019.12.20-10.36.27:597][  0]LogInit: Setting process to per monitor DPI aware
[2019.12.20-10.36.27:630][  0]LogSlate: New Slate User Created.  User Index 0, Is Virtual User: 0
[2019.12.20-10.36.27:630][  0]LogSlate: Slate User Registered.  User Index 0, Is Virtual User: 0
[2019.12.20-10.36.27:822][  0]LogHMD: Failed to initialize OpenVR with code 110
[2019.12.20-10.36.27:822][  0]LogD3D11RHI: D3D11 adapters:
[2019.12.20-10.36.27:889][  0]LogD3D11RHI:    0. 'NVIDIA GeForce GTX 980 Ti' (Feature Level 11_0)
[2019.12.20-10.36.27:889][  0]LogD3D11RHI:       6097/0/16359 MB DedicatedVideo/DedicatedSystem/SharedSystem, Outputs:2, VendorId:0x10de
[2019.12.20-10.36.27:892][  0]LogD3D11RHI:    1. 'Microsoft Basic Render Driver' (Feature Level 11_0)
[2019.12.20-10.36.27:892][  0]LogD3D11RHI:       0/0/16359 MB DedicatedVideo/DedicatedSystem/SharedSystem, Outputs:0, VendorId:0x1414
[2019.12.20-10.36.27:892][  0]LogD3D11RHI: Chosen D3D11 Adapter: 0
[2019.12.20-10.36.27:901][  0]LogD3D11RHI: Creating new Direct3DDevice
[2019.12.20-10.36.27:902][  0]LogD3D11RHI:     GPU DeviceId: 0x17c8 (for the marketing name, search the web for "GPU Device Id")
[2019.12.20-10.36.27:902][  0]LogWindows: EnumDisplayDevices:
[2019.12.20-10.36.27:902][  0]LogWindows:    0. 'NVIDIA GeForce GTX 980 Ti' (P:0 D:1)
[2019.12.20-10.36.27:902][  0]LogWindows:    1. 'NVIDIA GeForce GTX 980 Ti' (P:1 D:1)
[2019.12.20-10.36.27:902][  0]LogWindows:    2. 'NVIDIA GeForce GTX 980 Ti' (P:0 D:0)
[2019.12.20-10.36.27:903][  0]LogWindows:    3. 'NVIDIA GeForce GTX 980 Ti' (P:0 D:0)
[2019.12.20-10.36.27:903][  0]LogWindows: DebugString: FoundDriverCount:4 
[2019.12.20-10.36.27:903][  0]LogD3D11RHI:     Adapter Name: NVIDIA GeForce GTX 980 Ti
[2019.12.20-10.36.27:903][  0]LogD3D11RHI:   Driver Version: 441.20 (internal:26.21.14.4120, unified:441.20)
[2019.12.20-10.36.27:903][  0]LogD3D11RHI:      Driver Date: 11-6-2019
[2019.12.20-10.36.27:903][  0]LogRHI: Texture pool is 4268 MB (70% of 6097 MB)
[2019.12.20-10.36.27:949][  0]LogD3D11RHI: Async texture creation enabled
[2019.12.20-10.36.27:962][  0]LogRendererCore: FGlobalReadBuffer::InitRHI
[2019.12.20-10.36.27:962][  0]LogRendererCore: FGlobalReadBuffer::InitRHI
[2019.12.20-10.36.27:962][  0]LogRendererCore: FGlobalReadBuffer::InitRHI
[2019.12.20-10.36.27:970][  0]LogD3D11RHI: GPU Timing Frequency: 1000.000000 (Debug: 2 1)
[2019.12.20-10.36.28:246][  0]LogTemp: Display: Module 'AllDesktopTargetPlatform' loaded TargetPlatform 'AllDesktop'
[2019.12.20-10.36.28:261][  0]LogTemp: Display: Module 'MacClientTargetPlatform' loaded TargetPlatform 'MacClient'
[2019.12.20-10.36.28:276][  0]LogTemp: Display: Module 'MacNoEditorTargetPlatform' loaded TargetPlatform 'MacNoEditor'
[2019.12.20-10.36.28:291][  0]LogTemp: Display: Module 'MacServerTargetPlatform' loaded TargetPlatform 'MacServer'
[2019.12.20-10.36.28:306][  0]LogTemp: Display: Module 'MacTargetPlatform' loaded TargetPlatform 'Mac'
[2019.12.20-10.36.28:321][  0]LogTemp: Display: Module 'WindowsClientTargetPlatform' loaded TargetPlatform 'WindowsClient'
[2019.12.20-10.36.28:337][  0]LogTemp: Display: Module 'WindowsNoEditorTargetPlatform' loaded TargetPlatform 'WindowsNoEditor'
[2019.12.20-10.36.28:352][  0]LogTemp: Display: Module 'WindowsServerTargetPlatform' loaded TargetPlatform 'WindowsServer'
[2019.12.20-10.36.28:359][  0]LogTemp: Display: Module 'WindowsTargetPlatform' loaded TargetPlatform 'Windows'
[2019.12.20-10.36.28:449][  0]LogTemp: Display: Module 'AndroidTargetPlatform' loaded TargetPlatform 'Android'
[2019.12.20-10.36.28:449][  0]LogTemp: Display: Module 'AndroidTargetPlatform' loaded TargetPlatform 'Android_ASTC'
[2019.12.20-10.36.28:449][  0]LogTemp: Display: Module 'AndroidTargetPlatform' loaded TargetPlatform 'Android_ATC'
[2019.12.20-10.36.28:449][  0]LogTemp: Display: Module 'AndroidTargetPlatform' loaded TargetPlatform 'Android_DXT'
[2019.12.20-10.36.28:449][  0]LogTemp: Display: Module 'AndroidTargetPlatform' loaded TargetPlatform 'Android_ETC1'
[2019.12.20-10.36.28:449][  0]LogTemp: Display: Module 'AndroidTargetPlatform' loaded TargetPlatform 'Android_ETC1a'
[2019.12.20-10.36.28:449][  0]LogTemp: Display: Module 'AndroidTargetPlatform' loaded TargetPlatform 'Android_ETC2'
[2019.12.20-10.36.28:449][  0]LogTemp: Display: Module 'AndroidTargetPlatform' loaded TargetPlatform 'Android_PVRTC'
[2019.12.20-10.36.28:449][  0]LogTemp: Display: Module 'AndroidTargetPlatform' loaded TargetPlatform 'AndroidClient'
[2019.12.20-10.36.28:449][  0]LogTemp: Display: Module 'AndroidTargetPlatform' loaded TargetPlatform 'Android_ASTCClient'
[2019.12.20-10.36.28:449][  0]LogTemp: Display: Module 'AndroidTargetPlatform' loaded TargetPlatform 'Android_ATCClient'
[2019.12.20-10.36.28:449][  0]LogTemp: Display: Module 'AndroidTargetPlatform' loaded TargetPlatform 'Android_DXTClient'
[2019.12.20-10.36.28:449][  0]LogTemp: Display: Module 'AndroidTargetPlatform' loaded TargetPlatform 'Android_ETC1Client'
[2019.12.20-10.36.28:449][  0]LogTemp: Display: Module 'AndroidTargetPlatform' loaded TargetPlatform 'Android_ETC1aClient'
[2019.12.20-10.36.28:449][  0]LogTemp: Display: Module 'AndroidTargetPlatform' loaded TargetPlatform 'Android_ETC2Client'
[2019.12.20-10.36.28:449][  0]LogTemp: Display: Module 'AndroidTargetPlatform' loaded TargetPlatform 'Android_PVRTCClient'
[2019.12.20-10.36.28:449][  0]LogTemp: Display: Module 'AndroidTargetPlatform' loaded TargetPlatform 'Android_Multi'
[2019.12.20-10.36.28:449][  0]LogTemp: Display: Module 'AndroidTargetPlatform' loaded TargetPlatform 'Android_MultiClient'
[2019.12.20-10.36.28:451][  0]LogTemp: Display: Module 'HTML5TargetPlatform' loaded TargetPlatform 'HTML5'
[2019.12.20-10.36.28:503][  0]LogTemp: Display: Module 'IOSTargetPlatform' loaded TargetPlatform 'IOSClient'
[2019.12.20-10.36.28:503][  0]LogTemp: Display: Module 'IOSTargetPlatform' loaded TargetPlatform 'IOS'
[2019.12.20-10.36.28:528][  0]LogTemp: Display: Module 'TVOSTargetPlatform' loaded TargetPlatform 'TVOSClient'
[2019.12.20-10.36.28:528][  0]LogTemp: Display: Module 'TVOSTargetPlatform' loaded TargetPlatform 'TVOS'
[2019.12.20-10.36.28:542][  0]LogTemp: Display: Module 'LinuxClientTargetPlatform' loaded TargetPlatform 'LinuxClient'
[2019.12.20-10.36.28:555][  0]LogTemp: Display: Module 'LinuxNoEditorTargetPlatform' loaded TargetPlatform 'LinuxNoEditor'
[2019.12.20-10.36.28:569][  0]LogTemp: Display: Module 'LinuxServerTargetPlatform' loaded TargetPlatform 'LinuxServer'
[2019.12.20-10.36.28:583][  0]LogTemp: Display: Module 'LinuxTargetPlatform' loaded TargetPlatform 'Linux'
[2019.12.20-10.36.28:631][  0]LogTemp: Display: Module 'LuminTargetPlatform' loaded TargetPlatform 'Lumin'
[2019.12.20-10.36.28:631][  0]LogTemp: Display: Module 'LuminTargetPlatform' loaded TargetPlatform 'LuminClient'
[2019.12.20-10.36.28:631][  0]LogTargetPlatformManager: Display: Building Assets For Windows
[2019.12.20-10.36.28:640][  0]LogAudioDebug: Display: Lib vorbis DLL was dynamically loaded.
[2019.12.20-10.36.28:692][  0]LogShaderCompilers: Guid format shader working directory is -21 characters bigger than the processId version (../../../../../../Users/Frank/Documents/Unreal Projects/PortProj01/Intermediate/Shaders/WorkingDirectory/10800/).
[2019.12.20-10.36.28:692][  0]LogShaderCompilers: Cleaned the shader compiler working directory 'C:/Users/Frank/AppData/Local/Temp/UnrealShaderWorkingDir/F300178240F52347D41E72B909A6C713/'.
[2019.12.20-10.36.28:694][  0]LogXGEController: Cannot use XGE Controller as Incredibuild is not installed on this machine.
[2019.12.20-10.36.28:694][  0]LogShaderCompilers: Cannot use XGE Shader Compiler as Incredibuild is not installed on this machine.
[2019.12.20-10.36.28:694][  0]LogShaderCompilers: Display: Using Local Shader Compiler.
[2019.12.20-10.36.29:208][  0]LogDerivedDataCache: Display: Max Cache Size: 512 MB
[2019.12.20-10.36.29:248][  0]LogDerivedDataCache: Loaded boot cache 0.04s 71MB C:/Users/Frank/AppData/Local/UnrealEngine/4.22/DerivedDataCache/Boot.ddc.
[2019.12.20-10.36.29:248][  0]LogDerivedDataCache: Display: Loaded Boot cache: C:/Users/Frank/AppData/Local/UnrealEngine/4.22/DerivedDataCache/Boot.ddc
[2019.12.20-10.36.29:249][  0]LogDerivedDataCache: FDerivedDataBackendGraph:  Pak pak cache file ../../../../../../Users/Frank/Documents/Unreal Projects/PortProj01/DerivedDataCache/DDC.ddp not found, will not use a pak cache.
[2019.12.20-10.36.29:249][  0]LogDerivedDataCache: Unable to find inner node Pak for hierarchical cache Hierarchy.
[2019.12.20-10.36.29:249][  0]LogDerivedDataCache: FDerivedDataBackendGraph:  CompressedPak pak cache file ../../../../../../Users/Frank/Documents/Unreal Projects/PortProj01/DerivedDataCache/Compressed.ddp not found, will not use a pak cache.
[2019.12.20-10.36.29:249][  0]LogDerivedDataCache: Unable to find inner node CompressedPak for hierarchical cache Hierarchy.
[2019.12.20-10.36.29:261][  0]LogDerivedDataCache: Display: Pak cache opened for reading ../../../Engine/DerivedDataCache/Compressed.ddp.
[2019.12.20-10.36.29:261][  0]LogDerivedDataCache: FDerivedDataBackendGraph:  EnterprisePak pak cache file ../../../Enterprise/DerivedDataCache/Compressed.ddp not found, will not use a pak cache.
[2019.12.20-10.36.29:261][  0]LogDerivedDataCache: Unable to find inner node EnterprisePak for hierarchical cache Hierarchy.
[2019.12.20-10.36.29:273][  0]LogDerivedDataCache: Using Local data cache path C:/Users/Frank/AppData/Local/UnrealEngine/Common/DerivedDataCache: Writable
[2019.12.20-10.36.29:273][  0]LogDerivedDataCache: Shared data cache path not found in *engine.ini, will not use an Shared cache.
[2019.12.20-10.36.29:273][  0]LogDerivedDataCache: Unable to find inner node Shared for hierarchical cache Hierarchy.
[2019.12.20-10.36.29:294][  0]LogMaterial: Verifying Global Shaders for PCD3D_SM5
[2019.12.20-10.36.29:296][  0]LogSlate: Using FreeType 2.6.0
[2019.12.20-10.36.29:296][  0]LogSlate: SlateFontServices - WITH_FREETYPE: 1, WITH_HARFBUZZ: 1
[2019.12.20-10.36.29:378][  0]LogAssetRegistry: FAssetRegistry took 0.0341 seconds to start up
[2019.12.20-10.36.29:729][  0]LogInit: Selected Device Profile: [Windows]
[2019.12.20-10.36.29:856][  0]LogMeshReduction: Using QuadricMeshReduction for automatic static mesh reduction
[2019.12.20-10.36.29:856][  0]LogMeshReduction: Using SimplygonMeshReduction for automatic skeletal mesh reduction
[2019.12.20-10.36.29:856][  0]LogMeshReduction: Using ProxyLODMeshReduction for automatic mesh merging
[2019.12.20-10.36.29:856][  0]LogMeshReduction: No distributed automatic mesh merging module available
[2019.12.20-10.36.29:856][  0]LogMeshMerging: No distributed automatic mesh merging module available
[2019.12.20-10.36.29:871][  0]LogNetVersion: PortProj01 1.0.0, NetCL: 5660361, EngineNetVer: 10, GameNetVer: 0 (Checksum: 2061816540)
[2019.12.20-10.36.30:283][  0]LogPackageLocalizationCache: Processed 11 localized package path(s) for 1 prioritized culture(s) in 0.051206 seconds
[2019.12.20-10.36.30:290][  0]LogUObjectArray: 42205 objects as part of root set at end of initial load.
[2019.12.20-10.36.30:290][  0]LogUObjectAllocator: 7325032 out of 0 bytes used by permanent object pool.
[2019.12.20-10.36.30:290][  0]LogUObjectArray: CloseDisregardForGC: 0/0 objects in disregard for GC pool
[2019.12.20-10.36.31:089][  0]LogTcpMessaging: Initializing TcpMessaging bridge
[2019.12.20-10.36.31:116][  0]LogUdpMessaging: Initializing bridge on interface 0.0.0.0:0 to multicast group 230.0.0.1:6666.
[2019.12.20-10.36.31:244][  0]SourceControl: Source control is disabled
[2019.12.20-10.36.31:244][  0]SourceControl: Source control is disabled
[2019.12.20-10.36.31:246][  0]SourceControl: Source control is disabled
[2019.12.20-10.36.31:247][  0]SourceControl: Source control is disabled
[2019.12.20-10.36.31:331][  0]LogAndroidPermission: UAndroidPermissionCallbackProxy::GetInstance
[2019.12.20-10.36.31:442][  0]LogOcInput: OculusInput pre-init called
[2019.12.20-10.36.31:948][  0]LogPython: Python Scripts search path: ../../../../../../Users/Frank/Documents/Unreal Projects/PortProj01/Content/Scripts
[2019.12.20-10.36.31:948][  0]LogPython: Python Scripts search path: ../../../Engine/Plugins/UnrealEnginePython
[2019.12.20-10.36.31:948][  0]LogPython: Python VM initialized: 3.6.2 (v3.6.2:5fd33b5, Jul  8 2017, 04:57:36) [MSC v.1900 64 bit (AMD64)]
[2019.12.20-10.36.32:110][  0]LogPython: ####################----------Python Integration for Megascans Initialized----------####################
[2019.12.20-10.36.32:110][  0]LogPython: 

[2019.12.20-10.36.32:110][  0]LogPython: C:\Program Files\Epic Games\UE_4.22\Engine\Plugins\UnrealEnginePython\
[2019.12.20-10.36.32:110][  0]LogPython: 

[2019.12.20-10.36.32:167][  0]LogPython: Megascans Integration - LiveLink Initialized...
[2019.12.20-10.36.32:167][  0]LogPython: 

[2019.12.20-10.36.32:168][  0]LogPython: ue_site Python module successfully imported
[2019.12.20-10.36.32:319][  0]LogEngine: Initializing Engine...
[2019.12.20-10.36.32:320][  0]LogHMD: Failed to initialize OpenVR with code 110
[2019.12.20-10.36.32:321][  0]LogStats: UGameplayTagsManager::InitializeManager -  0.000 s
[2019.12.20-10.36.32:518][  0]LogInit: Initializing FReadOnlyCVARCache
[2019.12.20-10.36.32:532][  0]LogAIModule: Creating AISystem for world Untitled
[2019.12.20-10.36.32:565][  0]LogInit: XAudio2 using 'Headset Earphone (3- Razer Kraken 7.1 Chroma)' : 2 channels at 48 kHz using 16 bits per sample (channel mask 0x3)
[2019.12.20-10.36.32:617][  0]LogInit: FAudioDevice initialized.
[2019.12.20-10.36.32:617][  0]LogNetVersion: Set ProjectVersion to 1.0.0.0. Version Checksum will be recalculated on next use.
[2019.12.20-10.36.32:749][  0]LogDerivedDataCache: Saved boot cache 0.13s 71MB C:/Users/Frank/AppData/Local/UnrealEngine/4.22/DerivedDataCache/Boot.ddc.
[2019.12.20-10.36.32:756][  0]LogInit: Texture streaming: Enabled
[2019.12.20-10.36.32:776][  0]LogEngineSessionManager: EngineSessionManager initialized
[2019.12.20-10.36.32:805][  0]LogInit: Transaction tracking system initialized
[2019.12.20-10.36.32:831][  0]BlueprintLog: New page: Editor Load
[2019.12.20-10.36.33:042][  0]LocalizationService: Localization service is disabled
[2019.12.20-10.36.33:425][  0]LogFileCache: Scanning file cache for directory 'C:/Users/Frank/Documents/Unreal Projects/PortProj01/Content/' took 0.01s
[2019.12.20-10.36.33:425][  0]LogCook: Display: Max memory allowance for cook 16384mb min free memory 0mb
[2019.12.20-10.36.33:425][  0]LogCook: Display: Mobile HDR setting 1
[2019.12.20-10.36.33:622][  0]SourceControl: Source control is disabled
[2019.12.20-10.36.33:623][  0]Cmd: MAP LOAD FILE="../../../Engine/Content/Maps/Templates/Template_Default.umap" TEMPLATE=1 SHOWPROGRESS=1 FEATURELEVEL=3
[2019.12.20-10.36.33:623][  0]LightingResults: New page: Lighting Build
[2019.12.20-10.36.33:626][  0]MapCheck: New page: Map Check
[2019.12.20-10.36.33:626][  0]LightingResults: New page: Lighting Build
[2019.12.20-10.36.33:664][  0]LogUObjectHash: Compacting FUObjectHashTables data took   1.86ms
[2019.12.20-10.36.33:725][  0]LogAIModule: Creating AISystem for world Untitled_1
[2019.12.20-10.36.33:731][  0]LogEditorServer: Finished looking for orphan Actors (0.000 secs)
[2019.12.20-10.36.33:768][  0]LogUObjectHash: Compacting FUObjectHashTables data took   1.96ms
[2019.12.20-10.36.33:769][  0]Cmd: MAP CHECKDEP NOCLEARLOG
[2019.12.20-10.36.33:769][  0]MapCheck: Map check complete: 0 Error(s), 0 Warning(s), took 0.211ms to complete.
[2019.12.20-10.36.33:769][  0]LogFileHelpers: Loading map 'Template_Default' took 0.146
[2019.12.20-10.36.33:892][  0]LogSlate: Updating window title bar state: overlay mode, drag disabled, window buttons hidden, title bar hidden
[2019.12.20-10.36.33:899][  0]LogSlate: Updating window title bar state: overlay mode, drag disabled, window buttons hidden, title bar hidden
[2019.12.20-10.36.33:906][  0]LogSlate: Updating window title bar state: overlay mode, drag disabled, window buttons hidden, title bar hidden
[2019.12.20-10.36.33:913][  0]LogSlate: Updating window title bar state: overlay mode, drag disabled, window buttons hidden, title bar hidden
[2019.12.20-10.36.34:993][  0]LogSlate: Only BGRA pngs, bmps or icos are supported in by External Image Picker
[2019.12.20-10.36.35:039][  0]LogSlate: Took 0.000149 seconds to synchronously load lazily loaded font '../../../Engine/Content/Slate/Fonts/Roboto-Regular.ttf' (155K)
[2019.12.20-10.36.35:480][  0]LogCollectionManager: Loaded 0 collections in 0.001917 seconds
[2019.12.20-10.36.35:521][  0]LogFileCache: Scanning file cache for directory 'C:/Users/Frank/Documents/Unreal Projects/PortProj01/Saved/Collections/' took 0.01s
[2019.12.20-10.36.35:521][  0]LogFileCache: Scanning file cache for directory 'C:/Users/Frank/Documents/Unreal Projects/PortProj01/Content/Developers/Frank/Collections/' took 0.01s
[2019.12.20-10.36.35:521][  0]LogFileCache: Scanning file cache for directory 'C:/Users/Frank/Documents/Unreal Projects/PortProj01/Content/Collections/' took 0.01s
[2019.12.20-10.36.35:521][  0]LogCollectionManager: Rebuilt the GUID cache for 0 collections in 0.000000 seconds
[2019.12.20-10.36.35:530][  0]LogContentBrowser: Native class hierarchy populated in 0.0090 seconds. Added 2752 classes and 668 folders.
[2019.12.20-10.36.35:538][  0]LogContentBrowser: Native class hierarchy updated for 'WidgetCarousel' in 0.0002 seconds. Added 0 classes and 0 folders.
[2019.12.20-10.36.35:540][  0]LogPakFile: Registered encryption key '00000000000000000000000000000000': 0 pak files mounted, 0 remain pending
[2019.12.20-10.36.35:540][  0]LogPakFile: Registered encryption key '00000000000000000000000000000000': 0 pak files mounted, 0 remain pending
[2019.12.20-10.36.35:541][  0]LogPakFile: Registered encryption key '00000000000000000000000000000000': 0 pak files mounted, 0 remain pending
[2019.12.20-10.36.35:541][  0]LogPakFile: Registered encryption key '00000000000000000000000000000000': 0 pak files mounted, 0 remain pending
[2019.12.20-10.36.35:542][  0]LogPakFile: Registered encryption key '00000000000000000000000000000000': 0 pak files mounted, 0 remain pending
[2019.12.20-10.36.35:542][  0]LogPakFile: Registered encryption key '00000000000000000000000000000000': 0 pak files mounted, 0 remain pending
[2019.12.20-10.36.35:543][  0]LogPakFile: Registered encryption key '00000000000000000000000000000000': 0 pak files mounted, 0 remain pending
[2019.12.20-10.36.35:543][  0]LogPakFile: Registered encryption key '00000000000000000000000000000000': 0 pak files mounted, 0 remain pending
[2019.12.20-10.36.35:544][  0]LogPakFile: Registered encryption key '00000000000000000000000000000000': 0 pak files mounted, 0 remain pending
[2019.12.20-10.36.35:544][  0]LogPakFile: Registered encryption key '00000000000000000000000000000000': 0 pak files mounted, 0 remain pending
[2019.12.20-10.36.35:545][  0]LogPakFile: Registered encryption key '00000000000000000000000000000000': 0 pak files mounted, 0 remain pending
[2019.12.20-10.36.35:545][  0]LogPakFile: Registered encryption key '00000000000000000000000000000000': 0 pak files mounted, 0 remain pending
[2019.12.20-10.36.35:546][  0]LogPakFile: Registered encryption key '00000000000000000000000000000000': 0 pak files mounted, 0 remain pending
[2019.12.20-10.36.35:546][  0]LogPakFile: Registered encryption key '00000000000000000000000000000000': 0 pak files mounted, 0 remain pending
[2019.12.20-10.36.35:546][  0]LogPakFile: Registered encryption key '00000000000000000000000000000000': 0 pak files mounted, 0 remain pending
[2019.12.20-10.36.35:547][  0]LogPakFile: Registered encryption key '00000000000000000000000000000000': 0 pak files mounted, 0 remain pending
[2019.12.20-10.36.35:547][  0]LogPakFile: Registered encryption key '00000000000000000000000000000000': 0 pak files mounted, 0 remain pending
[2019.12.20-10.36.35:548][  0]LogPakFile: Registered encryption key '00000000000000000000000000000000': 0 pak files mounted, 0 remain pending
[2019.12.20-10.36.35:548][  0]LogPakFile: Registered encryption key '00000000000000000000000000000000': 0 pak files mounted, 0 remain pending
[2019.12.20-10.36.35:549][  0]LogPakFile: Registered encryption key '00000000000000000000000000000000': 0 pak files mounted, 0 remain pending
[2019.12.20-10.36.35:549][  0]LogPakFile: Registered encryption key '00000000000000000000000000000000': 0 pak files mounted, 0 remain pending
[2019.12.20-10.36.35:550][  0]LogPakFile: Registered encryption key '00000000000000000000000000000000': 0 pak files mounted, 0 remain pending
[2019.12.20-10.36.35:550][  0]LogPakFile: Registered encryption key '00000000000000000000000000000000': 0 pak files mounted, 0 remain pending
[2019.12.20-10.36.35:551][  0]LogPakFile: Registered encryption key '00000000000000000000000000000000': 0 pak files mounted, 0 remain pending
[2019.12.20-10.36.35:551][  0]LogPakFile: Registered encryption key '00000000000000000000000000000000': 0 pak files mounted, 0 remain pending
[2019.12.20-10.36.35:552][  0]LogPakFile: Registered encryption key '00000000000000000000000000000000': 0 pak files mounted, 0 remain pending
[2019.12.20-10.36.35:584][  0]LogContentBrowser: Native class hierarchy updated for 'AddContentDialog' in 0.0003 seconds. Added 0 classes and 0 folders.
[2019.12.20-10.36.35:600][  0]LogSlate: Took 0.000183 seconds to synchronously load lazily loaded font '../../../Engine/Content/Slate/Fonts/Roboto-Bold.ttf' (160K)
[2019.12.20-10.36.35:602][  0]LogSlate: Took 0.000130 seconds to synchronously load lazily loaded font '../../../Engine/Content/Editor/Slate/Fonts/FontAwesome.ttf' (139K)
[2019.12.20-10.36.35:646][  0]LogRenderer: Reallocating scene render targets to support 1916x916 Format 10 NumSamples 1 (Frame:1).
[2019.12.20-10.36.35:755][  0]LogContentBrowser: Native class hierarchy updated for 'HierarchicalLODOutliner' in 0.0003 seconds. Added 0 classes and 0 folders.
[2019.12.20-10.36.35:755][  0]LogLoad: (Engine Initialization) Total time: 10.56 seconds
[2019.12.20-10.36.35:755][  0]LogLoad: (Engine Initialization) Total Blueprint compile time: 0.00 seconds
[2019.12.20-10.36.35:793][  0]LogContentStreaming: Texture pool size now 3000 MB
[2019.12.20-10.36.35:804][  0]LogSlate: Took 0.000172 seconds to synchronously load lazily loaded font '../../../Engine/Content/Slate/Fonts/Roboto-Light.ttf' (167K)
[2019.12.20-10.36.35:916][  4]LogPython: tcp server spawned on 127.0.0.1:13428
[2019.12.20-10.36.37:989][216]LogSlate: FSceneViewport::OnFocusLost() reason 0
[2019.12.20-10.36.39:422][373]LogAssetRegistry: Asset discovery search completed in 10.0663 seconds
[2019.12.20-10.36.39:425][373]LogCollectionManager: Rebuilt the object cache for 0 collections in 0.000000 seconds (found 0 objects)
[2019.12.20-10.36.39:425][373]LogCollectionManager: Fixed up redirectors for 0 collections in 0.000081 seconds (updated 0 objects)
[2019.12.20-10.36.41:561][623]Cmd: CLOSE_SLATE_MAINFRAME
[2019.12.20-10.36.41:596][623]LogUObjectHash: Compacting FUObjectHashTables data took   0.75ms
[2019.12.20-10.36.41:655][623]LogSlate: Window '' being destroyed
[2019.12.20-10.36.41:659][623]LogSlate: Window '' being destroyed
[2019.12.20-10.36.41:663][623]LogSlate: Window 'Plugins' being destroyed
[2019.12.20-10.36.41:669][623]LogDirectoryWatcher: A directory notification for '../../../Engine/Plugins/' was aborted.
[2019.12.20-10.36.41:670][623]LogSlate: Window 'PortProj01 - Unreal Editor' being destroyed
[2019.12.20-10.36.41:671][623]LogWindowsTextInputMethodSystem: Display: IME system now deactivated.
[2019.12.20-10.36.41:967][624]Cmd: QUIT_EDITOR
[2019.12.20-10.36.42:050][624]LogExit: Preparing to exit.
[2019.12.20-10.36.42:153][624]LogExit: Editor shut down
[2019.12.20-10.36.42:153][624]LogExit: Transaction tracking system shut down
[2019.12.20-10.36.42:348][624]LogExit: Object subsystem successfully closed.
[2019.12.20-10.36.42:388][624]LogShaderCompilers: Display: Shaders left to compile 0
[2019.12.20-10.36.42:391][624]LogD3D11RHI: Shutdown
[2019.12.20-10.36.42:391][624]LogD3D11RHI: CleanupD3DDevice
[2019.12.20-10.36.42:392][624]LogRendererCore: FGlobalReadBuffer::ReleaseRHI
[2019.12.20-10.36.42:392][624]LogRendererCore: FGlobalDynamicReadBuffer::Cleanup()
[2019.12.20-10.36.42:392][624]LogRendererCore: FGlobalReadBuffer::ReleaseRHI
[2019.12.20-10.36.42:392][624]LogRendererCore: FGlobalDynamicReadBuffer::Cleanup()
[2019.12.20-10.36.42:392][624]LogRendererCore: FGlobalReadBuffer::ReleaseRHI
[2019.12.20-10.36.42:392][624]LogRendererCore: FGlobalDynamicReadBuffer::Cleanup()
[2019.12.20-10.36.42:483][624]LogD3D11RHI: ~FD3D11DynamicRHI
[2019.12.20-10.36.42:522][624]LogModuleManager: Shutting down and abandoning module HierarchicalLODOutliner (652)
[2019.12.20-10.36.42:522][624]LogModuleManager: Shutting down and abandoning module AddContentDialog (650)
[2019.12.20-10.36.42:522][624]LogModuleManager: Shutting down and abandoning module WidgetCarousel (649)
[2019.12.20-10.36.42:522][624]LogModuleManager: Shutting down and abandoning module EditorWidgets (646)
[2019.12.20-10.36.42:522][624]LogModuleManager: Shutting down and abandoning module CollectionManager (644)
[2019.12.20-10.36.42:522][624]LogModuleManager: Shutting down and abandoning module ExternalImagePicker (642)
[2019.12.20-10.36.42:523][624]LogModuleManager: Shutting down and abandoning module SceneOutliner (640)
[2019.12.20-10.36.42:523][624]LogModuleManager: Shutting down and abandoning module HierarchicalLODUtilities (638)
[2019.12.20-10.36.42:523][624]LogModuleManager: Shutting down and abandoning module StatsViewer (636)
[2019.12.20-10.36.42:523][624]LogModuleManager: Shutting down and abandoning module FoliageEdit (634)
[2019.12.20-10.36.42:523][624]LogModuleManager: Shutting down and abandoning module LandscapeEditor (632)
[2019.12.20-10.36.42:523][624]LogModuleManager: Shutting down and abandoning module MeshPaintMode (630)
[2019.12.20-10.36.42:523][624]LogModuleManager: Shutting down and abandoning module SceneDepthPickerMode (628)
[2019.12.20-10.36.42:523][624]LogModuleManager: Shutting down and abandoning module ActorPickerMode (626)
[2019.12.20-10.36.42:523][624]LogModuleManager: Shutting down and abandoning module GeometryMode (624)
[2019.12.20-10.36.42:523][624]LogModuleManager: Shutting down and abandoning module TextureAlignMode (622)
[2019.12.20-10.36.42:523][624]LogModuleManager: Shutting down and abandoning module BspMode (620)
[2019.12.20-10.36.42:523][624]LogModuleManager: Shutting down and abandoning module PIEPreviewDeviceProfileSelector (618)
[2019.12.20-10.36.42:523][624]LogModuleManager: Shutting down and abandoning module SequenceRecorderSections (616)
[2019.12.20-10.36.42:523][624]LogModuleManager: Shutting down and abandoning module AutomationWorker (614)
[2019.12.20-10.36.42:523][624]LogModuleManager: Shutting down and abandoning module OculusMR (612)
[2019.12.20-10.36.42:523][624]LogModuleManager: Shutting down and abandoning module AudioCaptureEditor (610)
[2019.12.20-10.36.42:523][624]LogModuleManager: Shutting down and abandoning module MatineeToLevelSequence (608)
[2019.12.20-10.36.42:523][624]LogModuleManager: Shutting down and abandoning module LevelSequenceEditor (606)
[2019.12.20-10.36.42:523][624]LogModuleManager: Shutting down and abandoning module PlacementMode (605)
[2019.12.20-10.36.42:523][624]LogModuleManager: Shutting down and abandoning module MaterialEditor (604)
[2019.12.20-10.36.42:523][624]LogModuleManager: Shutting down and abandoning module ActorSequenceEditor (600)
[2019.12.20-10.36.42:523][624]LogModuleManager: Shutting down and abandoning module WmfMediaFactory (598)
[2019.12.20-10.36.42:523][624]LogModuleManager: Shutting down and abandoning module WmfMediaEditor (596)
[2019.12.20-10.36.42:523][624]LogModuleManager: Shutting down and abandoning module WebMMediaFactory (594)
[2019.12.20-10.36.42:523][624]LogModuleManager: Shutting down and abandoning module WebMMediaEditor (592)
[2019.12.20-10.36.42:523][624]LogModuleManager: Shutting down and abandoning module WebMMedia (590)
[2019.12.20-10.36.42:523][624]LogModuleManager: Shutting down and abandoning module MediaPlayerEditor (588)
[2019.12.20-10.36.42:523][624]LogModuleManager: Shutting down and abandoning module MediaCompositingEditor (586)
[2019.12.20-10.36.42:523][624]LogModuleManager: Shutting down and abandoning module SequenceRecorder (585)
[2019.12.20-10.36.42:523][624]LogModuleManager: Shutting down and abandoning module OpenExrWrapper (582)
[2019.12.20-10.36.42:523][624]LogModuleManager: Shutting down and abandoning module ImgMediaFactory (580)
[2019.12.20-10.36.42:523][624]LogModuleManager: Shutting down and abandoning module ImgMediaEditor (578)
[2019.12.20-10.36.42:523][624]LogModuleManager: Shutting down and abandoning module AvfMediaFactory (576)
[2019.12.20-10.36.42:523][624]LogModuleManager: Shutting down and abandoning module AvfMediaEditor (574)
[2019.12.20-10.36.42:523][624]LogModuleManager: Shutting down and abandoning module AndroidMediaFactory (572)
[2019.12.20-10.36.42:523][624]LogModuleManager: Shutting down and abandoning module AndroidMediaEditor (570)
[2019.12.20-10.36.42:523][624]LogModuleManager: Shutting down and abandoning module MagicLeapCameraPreviewFactory (568)
[2019.12.20-10.36.42:523][624]LogModuleManager: Shutting down and abandoning module MagicLeapMediaCodecFactory (566)
[2019.12.20-10.36.42:524][624]LogModuleManager: Shutting down and abandoning module MagicLeapMediaFactory (564)
[2019.12.20-10.36.42:524][624]LogModuleManager: Shutting down and abandoning module MagicLeapMediaEditor (562)
[2019.12.20-10.36.42:524][624]LogModuleManager: Shutting down and abandoning module CharacterAI (560)
[2019.12.20-10.36.42:524][624]LogModuleManager: Shutting down and abandoning module SmartSnapping (558)
[2019.12.20-10.36.42:524][624]LogModuleManager: Shutting down and abandoning module SessionServices (556)
[2019.12.20-10.36.42:524][624]LogModuleManager: Shutting down and abandoning module MeshPaint (554)
[2019.12.20-10.36.42:524][624]LogModuleManager: Shutting down and abandoning module ViewportSnapping (552)
[2019.12.20-10.36.42:524][624]LogModuleManager: Shutting down and abandoning module ViewportInteraction (550)
[2019.12.20-10.36.42:524][624]LogModuleManager: Shutting down and abandoning module ClothPainter (548)
[2019.12.20-10.36.42:524][624]LogModuleManager: Shutting down and abandoning module SkeletalMeshEditor (547)
[2019.12.20-10.36.42:524][624]LogModuleManager: Shutting down and abandoning module LogVisualizer (544)
[2019.12.20-10.36.42:524][624]LogModuleManager: Shutting down and abandoning module IntroTutorials (542)
[2019.12.20-10.36.42:524][624]LogModuleManager: Shutting down and abandoning module GameProjectGeneration (541)
[2019.12.20-10.36.42:524][624]LogModuleManager: Shutting down and abandoning module LuminPlatformEditor (538)
[2019.12.20-10.36.42:524][624]LogModuleManager: Shutting down and abandoning module IOSPlatformEditor (536)
[2019.12.20-10.36.42:524][624]LogModuleManager: Shutting down and abandoning module HTML5PlatformEditor (534)
[2019.12.20-10.36.42:524][624]LogModuleManager: Shutting down and abandoning module AndroidPlatformEditor (532)
[2019.12.20-10.36.42:524][624]LogModuleManager: Shutting down and abandoning module AndroidDeviceDetection (531)
[2019.12.20-10.36.43:159][624]LogModuleManager: Shutting down and abandoning module WindowsPlatformEditor (528)
[2019.12.20-10.36.43:159][624]LogModuleManager: Shutting down and abandoning module LuminRuntimeSettings (526)
[2019.12.20-10.36.43:159][624]LogModuleManager: Shutting down and abandoning module IOSRuntimeSettings (524)
[2019.12.20-10.36.43:159][624]LogModuleManager: Shutting down and abandoning module AndroidRuntimeSettings (522)
[2019.12.20-10.36.43:160][624]LogModuleManager: Shutting down and abandoning module TimeManagementEditor (520)
[2019.12.20-10.36.43:160][624]LogModuleManager: Shutting down and abandoning module InputBindingEditor (518)
[2019.12.20-10.36.43:160][624]LogModuleManager: Shutting down and abandoning module MergeActors (516)
[2019.12.20-10.36.43:160][624]LogModuleManager: Shutting down and abandoning module LocalizationDashboard (514)
[2019.12.20-10.36.43:160][624]LogModuleManager: Shutting down and abandoning module LocalizationService (513)
[2019.12.20-10.36.43:160][624]LogModuleManager: Shutting down and abandoning module HardwareTargeting (510)
[2019.12.20-10.36.43:160][624]LogModuleManager: Shutting down and abandoning module DeviceProfileEditor (508)
[2019.12.20-10.36.43:160][624]LogModuleManager: Shutting down and abandoning module UndoHistory (506)
[2019.12.20-10.36.43:160][624]LogModuleManager: Shutting down and abandoning module XmlParser (504)
[2019.12.20-10.36.43:160][624]LogModuleManager: Shutting down and abandoning module Blutility (502)
[2019.12.20-10.36.43:160][624]LogModuleManager: Shutting down and abandoning module ProjectSettingsViewer (500)
[2019.12.20-10.36.43:160][624]LogModuleManager: Shutting down and abandoning module ProjectTargetPlatformEditor (499)
[2019.12.20-10.36.43:160][624]LogModuleManager: Shutting down and abandoning module EditorSettingsViewer (496)
[2019.12.20-10.36.43:160][624]LogModuleManager: Shutting down and abandoning module SettingsEditor (494)
[2019.12.20-10.36.43:160][624]LogModuleManager: Shutting down and abandoning module ProjectLauncher (492)
[2019.12.20-10.36.43:160][624]LogModuleManager: Shutting down and abandoning module SessionFrontend (490)
[2019.12.20-10.36.43:160][624]LogModuleManager: Shutting down and abandoning module ProfilerClient (488)
[2019.12.20-10.36.43:160][624]LogModuleManager: Shutting down and abandoning module DeviceManager (486)
[2019.12.20-10.36.43:160][624]LogModuleManager: Shutting down and abandoning module TargetDeviceServices (485)
[2019.12.20-10.36.43:204][624]LogModuleManager: Shutting down and abandoning module AutomationController (482)
[2019.12.20-10.36.43:204][624]LogModuleManager: Shutting down and abandoning module AutomationWindow (480)
[2019.12.20-10.36.43:204][624]LogModuleManager: Shutting down and abandoning module Layers (478)
[2019.12.20-10.36.43:204][624]LogModuleManager: Shutting down and abandoning module ComponentVisualizers (476)
[2019.12.20-10.36.43:204][624]LogModuleManager: Shutting down and abandoning module DetailCustomizations (474)
[2019.12.20-10.36.43:204][624]LogModuleManager: Shutting down and abandoning module PackagesDialog (472)
[2019.12.20-10.36.43:204][624]LogModuleManager: Shutting down and abandoning module AnimationBlueprintEditor (470)
[2019.12.20-10.36.43:204][624]LogModuleManager: Shutting down and abandoning module Persona (468)
[2019.12.20-10.36.43:204][624]LogModuleManager: Shutting down and abandoning module AdvancedPreviewScene (467)
[2019.12.20-10.36.43:204][624]LogModuleManager: Shutting down and abandoning module AnimGraph (465)
[2019.12.20-10.36.43:204][624]LogModuleManager: Shutting down and abandoning module Kismet (462)
[2019.12.20-10.36.43:204][624]LogModuleManager: Shutting down and abandoning module GraphEditor (460)
[2019.12.20-10.36.43:204][624]LogModuleManager: Shutting down and abandoning module ClassViewer (458)
[2019.12.20-10.36.43:204][624]LogModuleManager: Shutting down and abandoning module Toolbox (456)
[2019.12.20-10.36.43:204][624]LogModuleManager: Shutting down and abandoning module ModuleUI (454)
[2019.12.20-10.36.43:204][624]LogModuleManager: Shutting down and abandoning module MovieSceneTools (452)
[2019.12.20-10.36.43:204][624]LogModuleManager: Shutting down and abandoning module OutputLog (450)
[2019.12.20-10.36.43:204][624]LogModuleManager: Shutting down and abandoning module GammaUI (448)
[2019.12.20-10.36.43:204][624]LogModuleManager: Shutting down and abandoning module Documentation (446)
[2019.12.20-10.36.43:204][624]LogModuleManager: Shutting down and abandoning module LiveCoding (444)
[2019.12.20-10.36.43:204][624]LogModuleManager: Shutting down and abandoning module LevelSequence (442)
[2019.12.20-10.36.43:205][624]LogModuleManager: Shutting down and abandoning module MovieSceneTracks (440)
[2019.12.20-10.36.43:205][624]LogModuleManager: Shutting down and abandoning module MovieScene (438)
[2019.12.20-10.36.43:205][624]LogModuleManager: Shutting down and abandoning module StreamingPauseRendering (436)
[2019.12.20-10.36.43:205][624]LogModuleManager: Shutting down and abandoning module LauncherPlatform (434)
[2019.12.20-10.36.43:205][624]LogModuleManager: Shutting down and abandoning module AnalyticsET (432)
[2019.12.20-10.36.43:205][624]LogModuleManager: Shutting down and abandoning module PortalServices (430)
[2019.12.20-10.36.43:205][624]LogModuleManager: Shutting down and abandoning module PortalRpc (428)
[2019.12.20-10.36.43:205][624]LogModuleManager: Shutting down and abandoning module MessagingRpc (426)
[2019.12.20-10.36.43:205][624]LogModuleManager: Shutting down and abandoning module AIModule (424)
[2019.12.20-10.36.43:205][624]LogModuleManager: Shutting down and abandoning module GameplayDebugger (423)
[2019.12.20-10.36.43:205][624]LogModuleManager: Shutting down and abandoning module AITestSuite (421)
[2019.12.20-10.36.43:205][624]LogModuleManager: Shutting down and abandoning module NavigationSystem (419)
[2019.12.20-10.36.43:205][624]LogModuleManager: Shutting down and abandoning module DesktopPlatform (416)
[2019.12.20-10.36.43:205][624]LogModuleManager: Shutting down and abandoning module ImageWriteQueue (414)
[2019.12.20-10.36.43:210][624]LogModuleManager: Shutting down and abandoning module ProfilerService (412)
[2019.12.20-10.36.43:453][624]LogModuleManager: Shutting down and abandoning module TaskGraph (410)
[2019.12.20-10.36.43:453][624]LogModuleManager: Shutting down and abandoning module PythonEditor (408)
[2019.12.20-10.36.43:453][624]LogModuleManager: Shutting down and abandoning module UnrealEnginePython (406)
[2019.12.20-10.36.43:453][624]LogPython: Goodbye Python
[2019.12.20-10.36.43:472][624]LogModuleManager: Shutting down and abandoning module SteamVRController (404)
[2019.12.20-10.36.43:472][624]LogModuleManager: Shutting down and abandoning module ProceduralMeshComponentEditor (402)
[2019.12.20-10.36.43:472][624]LogModuleManager: Shutting down and abandoning module ProceduralMeshComponent (400)
[2019.12.20-10.36.43:472][624]LogModuleManager: Shutting down and abandoning module OculusEditor (398)
[2019.12.20-10.36.43:472][624]LogModuleManager: Shutting down and abandoning module OculusInput (396)
[2019.12.20-10.36.43:472][624]LogModuleManager: Shutting down and abandoning module MobilePatchingUtils (394)
[2019.12.20-10.36.43:472][624]LogModuleManager: Shutting down and abandoning module EditableMesh (392)
[2019.12.20-10.36.43:472][624]LogModuleManager: Shutting down and abandoning module CustomMeshComponent (390)
[2019.12.20-10.36.43:472][624]LogModuleManager: Shutting down and abandoning module CableComponent (388)
[2019.12.20-10.36.43:472][624]LogModuleManager: Shutting down and abandoning module AudioCapture (386)
[2019.12.20-10.36.43:472][624]LogModuleManager: Shutting down and abandoning module ArchVisCharacter (384)
[2019.12.20-10.36.43:472][624]LogModuleManager: Shutting down and abandoning module AndroidPermission (382)
[2019.12.20-10.36.43:472][624]LogModuleManager: Shutting down and abandoning module NUTUnrealEngine4 (380)
[2019.12.20-10.36.43:472][624]LogModuleManager: Shutting down and abandoning module NetcodeUnitTest (378)
[2019.12.20-10.36.43:472][624]LogModuleManager: Shutting down and abandoning module MediaCompositing (376)
[2019.12.20-10.36.43:472][624]LogModuleManager: Shutting down and abandoning module LinearTimecode (374)
[2019.12.20-10.36.43:472][624]LogModuleManager: Shutting down and abandoning module ImgMedia (372)
[2019.12.20-10.36.43:472][624]LogModuleManager: Shutting down and abandoning module MagicLeapHelperVulkan (370)
[2019.12.20-10.36.43:472][624]LogModuleManager: Shutting down and abandoning module MagicLeapHelperOpenGL (368)
[2019.12.20-10.36.43:472][624]LogModuleManager: Shutting down and abandoning module MagicLeapAudio (366)
[2019.12.20-10.36.43:472][624]LogModuleManager: Shutting down and abandoning module HTML5Networking (364)
[2019.12.20-10.36.43:472][624]LogModuleManager: Shutting down and abandoning module GeometryCacheTracks (362)
[2019.12.20-10.36.43:472][624]LogModuleManager: Shutting down and abandoning module GeometryCacheSequencer (360)
[2019.12.20-10.36.43:472][624]LogModuleManager: Shutting down and abandoning module BackChannel (358)
[2019.12.20-10.36.43:472][624]LogModuleManager: Shutting down and abandoning module AppleVision (356)
[2019.12.20-10.36.43:472][624]LogModuleManager: Shutting down and abandoning module AppleImageUtilsBlueprintSupport (354)
[2019.12.20-10.36.43:472][624]LogModuleManager: Shutting down and abandoning module AppleImageUtils (352)
[2019.12.20-10.36.43:472][624]LogModuleManager: Shutting down and abandoning module AlembicImporter (350)
[2019.12.20-10.36.43:472][624]LogModuleManager: Shutting down and abandoning module AlembicLibrary (349)
[2019.12.20-10.36.43:472][624]LogModuleManager: Shutting down and abandoning module GeometryCache (348)
[2019.12.20-10.36.43:472][624]LogModuleManager: Shutting down and abandoning module GeometryCacheEd (347)
[2019.12.20-10.36.43:472][624]LogModuleManager: Shutting down and abandoning module VariantManagerContent (342)
[2019.12.20-10.36.43:472][624]LogModuleManager: Shutting down and abandoning module DatasmithContentEditor (340)
[2019.12.20-10.36.43:472][624]LogModuleManager: Shutting down and abandoning module SpeedTreeImporter (338)
[2019.12.20-10.36.43:472][624]LogModuleManager: Shutting down and abandoning module PluginBrowser (336)
[2019.12.20-10.36.43:473][624]LogModuleManager: Shutting down and abandoning module MobileLauncherProfileWizard (334)
[2019.12.20-10.36.43:473][624]LogModuleManager: Shutting down and abandoning module MaterialAnalyzer (332)
[2019.12.20-10.36.43:473][624]LogModuleManager: Shutting down and abandoning module CryptoKeysOpenSSL (330)
[2019.12.20-10.36.43:473][624]LogModuleManager: Shutting down and abandoning module CryptoKeys (328)
[2019.12.20-10.36.43:473][624]LogModuleManager: Shutting down and abandoning module VisualStudioSourceCodeAccess (326)
[2019.12.20-10.36.43:473][624]LogModuleManager: Shutting down and abandoning module VisualStudioCodeSourceCodeAccess (324)
[2019.12.20-10.36.43:473][624]LogModuleManager: Shutting down and abandoning module UObjectPlugin (322)
[2019.12.20-10.36.43:473][624]LogModuleManager: Shutting down and abandoning module SubversionSourceControl (320)
[2019.12.20-10.36.43:473][624]LogModuleManager: Shutting down and abandoning module PerforceSourceControl (318)
[2019.12.20-10.36.43:473][624]LogModuleManager: Shutting down and abandoning module GitSourceControl (316)
[2019.12.20-10.36.43:473][624]LogModuleManager: Shutting down and abandoning module SourceControl (315)
[2019.12.20-10.36.43:473][624]LogModuleManager: Shutting down and abandoning module CLionSourceCodeAccess (312)
[2019.12.20-10.36.43:473][624]LogModuleManager: Shutting down and abandoning module AnimationSharingEd (310)
[2019.12.20-10.36.43:473][624]LogModuleManager: Shutting down and abandoning module ActorLayerUtilitiesEditor (308)
[2019.12.20-10.36.43:473][624]LogModuleManager: Shutting down and abandoning module ActorLayerUtilities (306)
[2019.12.20-10.36.43:473][624]LogModuleManager: Shutting down and abandoning module LightPropagationVolumeEditor (304)
[2019.12.20-10.36.43:473][624]LogModuleManager: Shutting down and abandoning module PaperTiledImporter (302)
[2019.12.20-10.36.43:473][624]LogModuleManager: Shutting down and abandoning module PaperSpriteSheetImporter (300)
[2019.12.20-10.36.43:473][624]LogModuleManager: Shutting down and abandoning module Paper2DEditor (298)
[2019.12.20-10.36.43:473][624]LogModuleManager: Shutting down and abandoning module PythonConsole (296)
[2019.12.20-10.36.43:473][624]LogModuleManager: Shutting down and abandoning module SignificanceManager (294)
[2019.12.20-10.36.43:473][624]LogModuleManager: Shutting down and abandoning module RuntimePhysXCooking (292)
[2019.12.20-10.36.43:473][624]LogModuleManager: Shutting down and abandoning module PhysXVehiclesEditor (290)
[2019.12.20-10.36.43:473][624]LogModuleManager: Shutting down and abandoning module PhysXVehicles (288)
[2019.12.20-10.36.43:473][624]LogModuleManager: Shutting down and abandoning module LocationServicesBPLibrary (286)
[2019.12.20-10.36.43:473][624]LogModuleManager: Shutting down and abandoning module ActorSequence (284)
[2019.12.20-10.36.43:473][624]LogModuleManager: Shutting down and abandoning module UdpMessaging (282)
[2019.12.20-10.36.43:574][624]LogModuleManager: Shutting down and abandoning module TcpMessaging (280)
[2019.12.20-10.36.43:675][624]LogModuleManager: Shutting down and abandoning module MagicLeapIdentity (278)
[2019.12.20-10.36.43:675][624]LogModuleManager: Shutting down and abandoning module MagicLeapSecureStorage (276)
[2019.12.20-10.36.43:675][624]LogModuleManager: Shutting down and abandoning module MagicLeapHandTracking (274)
[2019.12.20-10.36.43:675][624]LogModuleManager: Shutting down and abandoning module MagicLeapEyeTracker (272)
[2019.12.20-10.36.43:675][624]LogModuleManager: Shutting down and abandoning module MagicLeapController (270)
[2019.12.20-10.36.43:675][624]LogSlate: Slate User Destroyed.  User Index 0, Is Virtual User: 0
[2019.12.20-10.36.43:675][624]LogModuleManager: Shutting down and abandoning module MagicLeapAR (268)
[2019.12.20-10.36.43:675][624]LogModuleManager: Shutting down and abandoning module AugmentedReality (267)
[2019.12.20-10.36.43:675][624]LogModuleManager: Shutting down and abandoning module GameplayTagsEditor (264)
[2019.12.20-10.36.43:675][624]LogModuleManager: Shutting down and abandoning module FacialAnimationEditor (262)
[2019.12.20-10.36.43:675][624]LogModuleManager: Shutting down and abandoning module FacialAnimation (260)
[2019.12.20-10.36.43:675][624]LogModuleManager: Shutting down and abandoning module DataValidation (258)
[2019.12.20-10.36.43:675][624]LogModuleManager: Shutting down and abandoning module AssetManagerEditor (256)
[2019.12.20-10.36.43:675][624]LogModuleManager: Shutting down and abandoning module LevelEditor (255)
[2019.12.20-10.36.43:676][624]LogModuleManager: Shutting down and abandoning module PixelInspectorModule (254)
[2019.12.20-10.36.43:676][624]LogModuleManager: Shutting down and abandoning module CommonMenuExtensions (252)
[2019.12.20-10.36.43:676][624]LogModuleManager: Shutting down and abandoning module MainFrame (250)
[2019.12.20-10.36.43:676][624]LogModuleManager: Shutting down and abandoning module HotReload (249)
[2019.12.20-10.36.43:677][624]LogModuleManager: Shutting down and abandoning module ContentBrowser (245)
[2019.12.20-10.36.43:678][624]LogModuleManager: Shutting down and abandoning module TreeMap (243)
[2019.12.20-10.36.43:678][624]LogModuleManager: Shutting down and abandoning module AnimationSharing (240)
[2019.12.20-10.36.43:678][624]LogModuleManager: Shutting down and abandoning module LightPropagationVolumeRuntime (238)
[2019.12.20-10.36.43:678][624]LogModuleManager: Shutting down and abandoning module AISupportModule (236)
[2019.12.20-10.36.43:678][624]LogModuleManager: Shutting down and abandoning module Paper2D (234)
[2019.12.20-10.36.43:678][624]LogModuleManager: Shutting down and abandoning module WindowsMoviePlayer (232)
[2019.12.20-10.36.43:678][624]LogModuleManager: Shutting down and abandoning module WebMMoviePlayer (230)
[2019.12.20-10.36.43:678][624]LogModuleManager: Shutting down and abandoning module PacketHandler (228)
[2019.12.20-10.36.43:678][624]LogModuleManager: Shutting down and abandoning module ClothingSystemEditor (226)
[2019.12.20-10.36.43:678][624]LogModuleManager: Shutting down and abandoning module ClothingSystemRuntime (224)
[2019.12.20-10.36.43:678][624]LogModuleManager: Shutting down and abandoning module MediaAssets (222)
[2019.12.20-10.36.43:678][624]LogModuleManager: Shutting down and abandoning module Overlay (220)
[2019.12.20-10.36.43:678][624]LogModuleManager: Shutting down and abandoning module OverlayEditor (219)
[2019.12.20-10.36.43:678][624]LogModuleManager: Shutting down and abandoning module VREditor (216)
[2019.12.20-10.36.43:678][624]LogModuleManager: Shutting down and abandoning module StringTableEditor (214)
[2019.12.20-10.36.43:678][624]LogModuleManager: Shutting down and abandoning module GameplayTasksEditor (212)
[2019.12.20-10.36.43:678][624]LogModuleManager: Shutting down and abandoning module BehaviorTreeEditor (210)
[2019.12.20-10.36.43:678][624]LogModuleManager: Shutting down and abandoning module FunctionalTesting (208)
[2019.12.20-10.36.43:678][624]LogModuleManager: Shutting down and abandoning module CollisionAnalyzer (206)
[2019.12.20-10.36.43:678][624]LogModuleManager: Shutting down and abandoning module WorkspaceMenuStructure (205)
[2019.12.20-10.36.43:678][624]LogModuleManager: Shutting down and abandoning module UMG (202)
[2019.12.20-10.36.43:678][624]LogModuleManager: Shutting down and abandoning module UMGEditor (201)
[2019.12.20-10.36.43:678][624]LogModuleManager: Shutting down and abandoning module Sequencer (200)
[2019.12.20-10.36.43:678][624]LogModuleManager: Shutting down and abandoning module MessageLog (197)
[2019.12.20-10.36.43:678][624]LogModuleManager: Shutting down and abandoning module SlateReflector (192)
[2019.12.20-10.36.43:678][624]LogModuleManager: Shutting down and abandoning module Slate (190)
[2019.12.20-10.36.43:678][624]LogModuleManager: Shutting down and abandoning module EditorStyle (188)
[2019.12.20-10.36.43:680][624]LogModuleManager: Shutting down and abandoning module UnrealEd (186)
[2019.12.20-10.36.43:680][624]LogModuleManager: Shutting down and abandoning module MRMesh (184)
[2019.12.20-10.36.43:680][624]LogModuleManager: Shutting down and abandoning module SourceCodeAccess (182)
[2019.12.20-10.36.43:680][624]LogModuleManager: Shutting down and abandoning module HeadMountedDisplay (180)
[2019.12.20-10.36.43:680][624]LogModuleManager: Shutting down and abandoning module XAudio2 (178)
[2019.12.20-10.36.43:680][624]LogModuleManager: Shutting down and abandoning module Networking (176)
[2019.12.20-10.36.43:680][624]LogModuleManager: Shutting down and abandoning module Core (174)
[2019.12.20-10.36.43:680][624]LogModuleManager: Shutting down and abandoning module KismetCompiler (172)
[2019.12.20-10.36.43:680][624]LogModuleManager: Shutting down and abandoning module MeshUtilities (170)
[2019.12.20-10.36.43:680][624]LogModuleManager: Shutting down and abandoning module MeshMergeUtilities (169)
[2019.12.20-10.36.43:680][624]LogModuleManager: Shutting down and abandoning module MeshReductionInterface (168)
[2019.12.20-10.36.43:680][624]LogModuleManager: Shutting down and abandoning module SkeletalMeshReduction (167)
[2019.12.20-10.36.43:680][624]LogModuleManager: Shutting down and abandoning module ProxyLODMeshReduction (165)
[2019.12.20-10.36.43:680][624]LogModuleManager: Shutting down and abandoning module QuadricMeshReduction (163)
[2019.12.20-10.36.43:680][624]LogModuleManager: Shutting down and abandoning module MaterialBaking (159)
[2019.12.20-10.36.43:680][624]LogModuleManager: Shutting down and abandoning module DerivedDataCache (154)
[2019.12.20-10.36.43:780][624]LogDerivedDataCache: Shutdown
[2019.12.20-10.36.43:780][624]LogModuleManager: Shutting down and abandoning module XGEController (152)
[2019.12.20-10.36.43:780][624]LogModuleManager: Shutting down and abandoning module TargetPlatform (150)
[2019.12.20-10.36.43:780][624]LogModuleManager: Shutting down and abandoning module VulkanShaderFormat (149)
[2019.12.20-10.36.43:780][624]LogModuleManager: Shutting down and abandoning module ShaderFormatVectorVM (147)
[2019.12.20-10.36.43:780][624]LogModuleManager: Shutting down and abandoning module ShaderFormatOpenGL (145)
[2019.12.20-10.36.43:780][624]LogModuleManager: Shutting down and abandoning module ShaderFormatD3D (143)
[2019.12.20-10.36.43:780][624]LogModuleManager: Shutting down and abandoning module MetalShaderFormat (141)
[2019.12.20-10.36.43:780][624]LogModuleManager: Shutting down and abandoning module TextureFormatUncompressed (139)
[2019.12.20-10.36.43:781][624]LogModuleManager: Shutting down and abandoning module TextureFormatPVR (137)
[2019.12.20-10.36.43:781][624]LogModuleManager: Shutting down and abandoning module TextureFormatDXT (135)
[2019.12.20-10.36.43:781][624]LogModuleManager: Shutting down and abandoning module TextureFormatIntelISPCTexComp (133)
[2019.12.20-10.36.43:781][624]LogModuleManager: Shutting down and abandoning module TextureFormatASTC (131)
[2019.12.20-10.36.43:781][624]LogModuleManager: Shutting down and abandoning module ImageWrapper (130)
[2019.12.20-10.36.43:781][624]LogModuleManager: Shutting down and abandoning module TextureFormatAndroid (127)
[2019.12.20-10.36.43:781][624]LogModuleManager: Shutting down and abandoning module AudioFormatOpus (125)
[2019.12.20-10.36.43:781][624]LogModuleManager: Shutting down and abandoning module AudioFormatOgg (123)
[2019.12.20-10.36.43:781][624]LogModuleManager: Shutting down and abandoning module AudioFormatADPCM (121)
[2019.12.20-10.36.43:781][624]LogModuleManager: Shutting down and abandoning module LuminTargetPlatform (119)
[2019.12.20-10.36.43:781][624]LogModuleManager: Shutting down and abandoning module LinuxTargetPlatform (117)
[2019.12.20-10.36.43:781][624]LogModuleManager: Shutting down and abandoning module LinuxServerTargetPlatform (115)
[2019.12.20-10.36.43:782][624]LogModuleManager: Shutting down and abandoning module LinuxNoEditorTargetPlatform (113)
[2019.12.20-10.36.43:782][624]LogModuleManager: Shutting down and abandoning module LinuxClientTargetPlatform (111)
[2019.12.20-10.36.43:782][624]LogModuleManager: Shutting down and abandoning module TVOSTargetPlatform (109)
[2019.12.20-10.36.43:782][624]LogModuleManager: Shutting down and abandoning module Messaging (107)
[2019.12.20-10.36.43:782][624]LogModuleManager: Shutting down and abandoning module IOSTargetPlatform (105)
[2019.12.20-10.36.43:783][624]LogModuleManager: Shutting down and abandoning module HTML5TargetPlatform (103)
[2019.12.20-10.36.43:783][624]LogModuleManager: Shutting down and abandoning module AndroidTargetPlatform (101)
[2019.12.20-10.36.43:789][624]LogModuleManager: Shutting down and abandoning module WindowsTargetPlatform (99)
[2019.12.20-10.36.43:789][624]LogModuleManager: Shutting down and abandoning module WindowsServerTargetPlatform (97)
[2019.12.20-10.36.43:790][624]LogModuleManager: Shutting down and abandoning module WindowsNoEditorTargetPlatform (95)
[2019.12.20-10.36.43:790][624]LogModuleManager: Shutting down and abandoning module WindowsClientTargetPlatform (93)
[2019.12.20-10.36.43:790][624]LogModuleManager: Shutting down and abandoning module MacTargetPlatform (91)
[2019.12.20-10.36.43:790][624]LogModuleManager: Shutting down and abandoning module MacServerTargetPlatform (89)
[2019.12.20-10.36.43:790][624]LogModuleManager: Shutting down and abandoning module MacNoEditorTargetPlatform (87)
[2019.12.20-10.36.43:790][624]LogModuleManager: Shutting down and abandoning module MacClientTargetPlatform (85)
[2019.12.20-10.36.43:790][624]LogModuleManager: Shutting down and abandoning module AllDesktopTargetPlatform (83)
[2019.12.20-10.36.43:790][624]LogModuleManager: Shutting down and abandoning module InputCore (80)
[2019.12.20-10.36.43:790][624]LogModuleManager: Shutting down and abandoning module Settings (78)
[2019.12.20-10.36.43:790][624]LogModuleManager: Shutting down and abandoning module DirectoryWatcher (76)
[2019.12.20-10.36.43:790][624]LogModuleManager: Shutting down and abandoning module PhysXCooking (74)
[2019.12.20-10.36.43:790][624]LogModuleManager: Shutting down and abandoning module SteamVR (72)
[2019.12.20-10.36.43:790][624]LogHMD: Freeing OpenVRDLLHandle.
[2019.12.20-10.36.43:790][624]LogModuleManager: Shutting down and abandoning module OculusHMD (70)
[2019.12.20-10.36.43:790][624]LogModuleManager: Shutting down and abandoning module ExampleDeviceProfileSelector (68)
[2019.12.20-10.36.43:790][624]LogModuleManager: Shutting down and abandoning module LauncherChunkInstaller (66)
[2019.12.20-10.36.43:790][624]LogModuleManager: Shutting down and abandoning module OnlineBlueprintSupport (64)
[2019.12.20-10.36.43:790][624]LogModuleManager: Shutting down and abandoning module OnlineSubsystem (60)
[2019.12.20-10.36.43:791][624]LogModuleManager: Shutting down and abandoning module XMPP (55)
[2019.12.20-10.36.43:791][624]LogModuleManager: Shutting down and abandoning module WebSockets (54)
[2019.12.20-10.36.43:808][624]LogModuleManager: Shutting down and abandoning module HTTP (51)
[2019.12.20-10.36.43:808][624]LogHttp: Display: Http module shutting down, but needs to wait on 1 outstanding Http requests:
[2019.12.20-10.36.43:808][624]LogHttp: Display: 	verb=[POST] url=[https://datarouter.ol.epicgames.com/datarouter/api/v1/public/data?SessionID=%7BB75AEB6D-472C-1A3B-44A7-7CA2205726C7%7D&AppID=UEEditor.Rocket.Release&AppVersion=4.22.3-7053642%2B%2B%2BUE4%2BRelease-4.22&UserID=bf8bafb74a1245e827ffda8e31836085%7C92495aba7dc443e6be6e7a3b2437a479%7C4182dd9f-ca03-4c88-aba7-c78e6d926a64&AppEnvironment=datacollector-binary&UploadType=eteventstream] status=Processing
[2019.12.20-10.36.43:840][624]LogModuleManager: Shutting down and abandoning module SSL (50)
[2019.12.20-10.36.43:841][624]LogModuleManager: Shutting down and abandoning module WmfMedia (46)
[2019.12.20-10.36.43:843][624]LogModuleManager: Shutting down and abandoning module Media (45)
[2019.12.20-10.36.43:850][624]LogModuleManager: Shutting down and abandoning module MagicLeap (42)
[2019.12.20-10.36.43:850][624]LogModuleManager: Shutting down and abandoning module DatasmithContent (40)
[2019.12.20-10.36.43:850][624]LogModuleManager: Shutting down and abandoning module AnimationModifiers (38)
[2019.12.20-10.36.43:850][624]LogModuleManager: Shutting down and abandoning module PropertyEditor (37)
[2019.12.20-10.36.43:850][624]LogModuleManager: Shutting down and abandoning module AudioEditor (34)
[2019.12.20-10.36.43:850][624]LogModuleManager: Shutting down and abandoning module TextureCompressor (32)
[2019.12.20-10.36.43:850][624]LogModuleManager: Shutting down and abandoning module RenderCore (30)
[2019.12.20-10.36.43:850][624]LogModuleManager: Shutting down and abandoning module Landscape (28)
[2019.12.20-10.36.43:850][624]LogModuleManager: Shutting down and abandoning module SlateRHIRenderer (26)
[2019.12.20-10.36.43:851][624]LogModuleManager: Shutting down and abandoning module OpenGLDrv (24)
[2019.12.20-10.36.43:851][624]LogModuleManager: Shutting down and abandoning module D3D11RHI (22)
[2019.12.20-10.36.43:851][624]LogModuleManager: Shutting down and abandoning module AnimGraphRuntime (20)
[2019.12.20-10.36.43:851][624]LogModuleManager: Shutting down and abandoning module Renderer (18)
[2019.12.20-10.36.43:851][624]LogModuleManager: Shutting down and abandoning module Engine (16)
[2019.12.20-10.36.43:851][624]LogModuleManager: Shutting down and abandoning module CoreUObject (14)
[2019.12.20-10.36.43:851][624]LogModuleManager: Shutting down and abandoning module NetworkFile (12)
[2019.12.20-10.36.43:851][624]LogModuleManager: Shutting down and abandoning module CookedIterativeFile (10)
[2019.12.20-10.36.43:851][624]LogModuleManager: Shutting down and abandoning module StreamingFile (8)
[2019.12.20-10.36.43:851][624]LogModuleManager: Shutting down and abandoning module SandboxFile (6)
[2019.12.20-10.36.43:851][624]LogModuleManager: Shutting down and abandoning module PakFile (4)
[2019.12.20-10.36.43:851][624]LogModuleManager: Shutting down and abandoning module RSA (3)
[2019.12.20-10.36.43:870][624]LogExit: Exiting.
[2019.12.20-10.36.43:891][624]Log file closed, 12/20/19 04:36:43
